The target system is: Linux -  - aarch64
The host system is: Linux - 4.15.0-122-generic - x86_64
Compiling the C compiler identification source file "CMakeCCompilerId.c" succeeded.
Compiler: /scratch/dachang/vai1.3/petalinux/sysroots/x86_64-petalinux-linux/usr/bin/aarch64-xilinx-linux/aarch64-xilinx-linux-gcc -march=armv8-a+crc;-mtune=cortex-a72.cortex-a53;--sysroot=/scratch/dachang/vai1.3/petalinux/sysroots/aarch64-xilinx-linux
Build flags: ;-O2;-pipe;-g;-feliminate-unused-debug-types;
Id flags:  

The output was:
0


Compilation of the C compiler identification source "CMakeCCompilerId.c" produced "a.out"

The C compiler identification is GNU, found in "/scratch/dachang/Vitis-In-Depth-Tutorial/Machine_Learning/Introduction/03-Basic/Module_7/build/CMakeFiles/3.15.3/CompilerIdC/a.out"

Compiling the CXX compiler identification source file "CMakeCXXCompilerId.cpp" succeeded.
Compiler: /scratch/dachang/vai1.3/petalinux/sysroots/x86_64-petalinux-linux/usr/bin/aarch64-xilinx-linux/aarch64-xilinx-linux-g++ -march=armv8-a+crc;-mtune=cortex-a72.cortex-a53;--sysroot=/scratch/dachang/vai1.3/petalinux/sysroots/aarch64-xilinx-linux
Build flags: ;-O2;-pipe;-g;-feliminate-unused-debug-types;
Id flags:  

The output was:
0


Compilation of the CXX compiler identification source "CMakeCXXCompilerId.cpp" produced "a.out"

The CXX compiler identification is GNU, found in "/scratch/dachang/Vitis-In-Depth-Tutorial/Machine_Learning/Introduction/03-Basic/Module_7/build/CMakeFiles/3.15.3/CompilerIdCXX/a.out"

Determining if the C compiler works passed with the following output:
Change Dir: /scratch/dachang/Vitis-In-Depth-Tutorial/Machine_Learning/Introduction/03-Basic/Module_7/build/CMakeFiles/CMakeTmp

Run Build Command(s):/usr/bin/gmake cmTC_5937a/fast && /usr/bin/gmake -f CMakeFiles/cmTC_5937a.dir/build.make CMakeFiles/cmTC_5937a.dir/build
gmake[1]: Entering directory '/scratch/dachang/Vitis-In-Depth-Tutorial/Machine_Learning/Introduction/03-Basic/Module_7/build/CMakeFiles/CMakeTmp'
Building C object CMakeFiles/cmTC_5937a.dir/testCCompiler.c.o
/scratch/dachang/vai1.3/petalinux/sysroots/x86_64-petalinux-linux/usr/bin/aarch64-xilinx-linux/aarch64-xilinx-linux-gcc   -march=armv8-a+crc -mtune=cortex-a72.cortex-a53 --sysroot=/scratch/dachang/vai1.3/petalinux/sysroots/aarch64-xilinx-linux --sysroot=/scratch/dachang/vai1.3/petalinux/sysroots/aarch64-xilinx-linux   -O2 -pipe -g -feliminate-unused-debug-types     -o CMakeFiles/cmTC_5937a.dir/testCCompiler.c.o   -c /scratch/dachang/Vitis-In-Depth-Tutorial/Machine_Learning/Introduction/03-Basic/Module_7/build/CMakeFiles/CMakeTmp/testCCompiler.c
Linking C executable cmTC_5937a
/scratch/dachang/vai1.3/petalinux/sysroots/x86_64-petalinux-linux/usr/bin/cmake -E cmake_link_script CMakeFiles/cmTC_5937a.dir/link.txt --verbose=1
/scratch/dachang/vai1.3/petalinux/sysroots/x86_64-petalinux-linux/usr/bin/aarch64-xilinx-linux/aarch64-xilinx-linux-gcc   -march=armv8-a+crc -mtune=cortex-a72.cortex-a53 --sysroot=/scratch/dachang/vai1.3/petalinux/sysroots/aarch64-xilinx-linux --sysroot=/scratch/dachang/vai1.3/petalinux/sysroots/aarch64-xilinx-linux  -O2 -pipe -g -feliminate-unused-debug-types    -Wl,-O1 -Wl,--hash-style=gnu -Wl,--as-needed  CMakeFiles/cmTC_5937a.dir/testCCompiler.c.o  -o cmTC_5937a 
gmake[1]: Leaving directory '/scratch/dachang/Vitis-In-Depth-Tutorial/Machine_Learning/Introduction/03-Basic/Module_7/build/CMakeFiles/CMakeTmp'



Detecting C compiler ABI info compiled with the following output:
Change Dir: /scratch/dachang/Vitis-In-Depth-Tutorial/Machine_Learning/Introduction/03-Basic/Module_7/build/CMakeFiles/CMakeTmp

Run Build Command(s):/usr/bin/gmake cmTC_4ffb6/fast && /usr/bin/gmake -f CMakeFiles/cmTC_4ffb6.dir/build.make CMakeFiles/cmTC_4ffb6.dir/build
gmake[1]: Entering directory '/scratch/dachang/Vitis-In-Depth-Tutorial/Machine_Learning/Introduction/03-Basic/Module_7/build/CMakeFiles/CMakeTmp'
Building C object CMakeFiles/cmTC_4ffb6.dir/CMakeCCompilerABI.c.o
/scratch/dachang/vai1.3/petalinux/sysroots/x86_64-petalinux-linux/usr/bin/aarch64-xilinx-linux/aarch64-xilinx-linux-gcc   -march=armv8-a+crc -mtune=cortex-a72.cortex-a53 --sysroot=/scratch/dachang/vai1.3/petalinux/sysroots/aarch64-xilinx-linux --sysroot=/scratch/dachang/vai1.3/petalinux/sysroots/aarch64-xilinx-linux   -O2 -pipe -g -feliminate-unused-debug-types     -v -o CMakeFiles/cmTC_4ffb6.dir/CMakeCCompilerABI.c.o   -c /scratch/dachang/vai1.3/petalinux/sysroots/x86_64-petalinux-linux/usr/share/cmake-3.15/Modules/CMakeCCompilerABI.c
Using built-in specs.
COLLECT_GCC=/scratch/dachang/vai1.3/petalinux/sysroots/x86_64-petalinux-linux/usr/bin/aarch64-xilinx-linux/aarch64-xilinx-linux-gcc
Target: aarch64-xilinx-linux
Configured with: ../../../../../../work-shared/gcc-9.2.0-r0/gcc-9.2.0/configure --build=x86_64-linux --host=x86_64-petalinux-linux --target=aarch64-xilinx-linux --prefix=/opt/petalinux/2020.2/sysroots/x86_64-petalinux-linux/usr --exec_prefix=/opt/petalinux/2020.2/sysroots/x86_64-petalinux-linux/usr --bindir=/opt/petalinux/2020.2/sysroots/x86_64-petalinux-linux/usr/bin/aarch64-xilinx-linux --sbindir=/opt/petalinux/2020.2/sysroots/x86_64-petalinux-linux/usr/bin/aarch64-xilinx-linux --libexecdir=/opt/petalinux/2020.2/sysroots/x86_64-petalinux-linux/usr/libexec/aarch64-xilinx-linux --datadir=/opt/petalinux/2020.2/sysroots/x86_64-petalinux-linux/usr/share --sysconfdir=/opt/petalinux/2020.2/sysroots/x86_64-petalinux-linux/etc --sharedstatedir=/opt/petalinux/2020.2/sysroots/x86_64-petalinux-linux/com --localstatedir=/opt/petalinux/2020.2/sysroots/x86_64-petalinux-linux/var --libdir=/opt/petalinux/2020.2/sysroots/x86_64-petalinux-linux/usr/lib/aarch64-xilinx-linux --includedir=/opt/petalinux/2020.2/sysroots/x86_64-petalinux-linux/usr/include --oldincludedir=/opt/petalinux/2020.2/sysroots/x86_64-petalinux-linux/usr/include --infodir=/opt/petalinux/2020.2/sysroots/x86_64-petalinux-linux/usr/share/info --mandir=/opt/petalinux/2020.2/sysroots/x86_64-petalinux-linux/usr/share/man --disable-silent-rules --disable-dependency-tracking --with-libtool-sysroot=/tmp/jenkins/xcossw01/workspace/BUILDS/eSDK/2020.2_stable-pipeline-build/VersalFullPrime/build/tmp/work/x86_64-nativesdk-petalinux-linux/gcc-cross-canadian-aarch64/9.2.0-r0/recipe-sysroot --with-gnu-ld --enable-shared --enable-languages=c,c++ --enable-threads=posix --enable-multilib --enable-default-pie --enable-c99 --enable-long-long --enable-symvers=gnu --enable-libstdcxx-pch --program-prefix=aarch64-xilinx-linux- --without-local-prefix --enable-lto --disable-libssp --enable-libitm --disable-bootstrap --disable-libmudflap --with-system-zlib --with-linker-hash-style=gnu --enable-linker-build-id --with-ppl=no --with-cloog=no --enable-checking=release --enable-cheaders=c_global --without-isl --with-gxx-include-dir=/not/exist/usr/include/c++/9.2.0 --with-build-time-tools=/tmp/jenkins/xcossw01/workspace/BUILDS/eSDK/2020.2_stable-pipeline-build/VersalFullPrime/build/tmp/work/x86_64-nativesdk-petalinux-linux/gcc-cross-canadian-aarch64/9.2.0-r0/recipe-sysroot-native/usr/aarch64-xilinx-linux/bin --with-sysroot=/not/exist --with-build-sysroot=/tmp/jenkins/xcossw01/workspace/BUILDS/eSDK/2020.2_stable-pipeline-build/VersalFullPrime/build/tmp/work/x86_64-nativesdk-petalinux-linux/gcc-cross-canadian-aarch64/9.2.0-r0/recipe-sysroot --enable-poison-system-directories --disable-static --enable-nls --with-glibc-version=2.28 --enable-initfini-array --enable-__cxa_atexit
Thread model: posix
gcc version 9.2.0 (GCC) 
COLLECT_GCC_OPTIONS='--sysroot=/scratch/dachang/vai1.3/petalinux/sysroots/aarch64-xilinx-linux' '-march=armv8-a+crc' '-mtune=cortex-a72.cortex-a53' '-O2' '-pipe' '-g' '-feliminate-unused-debug-types' '-v' '-o' 'CMakeFiles/cmTC_4ffb6.dir/CMakeCCompilerABI.c.o' '-c' '-mlittle-endian' '-mabi=lp64'
 /scratch/dachang/vai1.3/petalinux/sysroots/x86_64-petalinux-linux/usr/libexec/aarch64-xilinx-linux/gcc/aarch64-xilinx-linux/9.2.0/cc1 -quiet -v -isysroot /scratch/dachang/vai1.3/petalinux/sysroots/aarch64-xilinx-linux /scratch/dachang/vai1.3/petalinux/sysroots/x86_64-petalinux-linux/usr/share/cmake-3.15/Modules/CMakeCCompilerABI.c -quiet -dumpbase CMakeCCompilerABI.c -march=armv8-a+crc -mtune=cortex-a72.cortex-a53 -mlittle-endian -mabi=lp64 -auxbase-strip CMakeFiles/cmTC_4ffb6.dir/CMakeCCompilerABI.c.o -g -O2 -version -feliminate-unused-debug-types -o - |
 /scratch/dachang/vai1.3/petalinux/sysroots/x86_64-petalinux-linux/usr/libexec/aarch64-xilinx-linux/gcc/aarch64-xilinx-linux/9.2.0/as -v -EL -march=armv8-a+crc -mabi=lp64 -o CMakeFiles/cmTC_4ffb6.dir/CMakeCCompilerABI.c.o
GNU assembler version 2.32.0 (aarch64-xilinx-linux) using BFD version (GNU Binutils) 2.32.0.20190204
GNU C17 (GCC) version 9.2.0 (aarch64-xilinx-linux)
	compiled by GNU C version 9.2.0, GMP version 6.1.2, MPFR version 4.0.2, MPC version 1.1.0, isl version none
GGC heuristics: --param ggc-min-expand=100 --param ggc-min-heapsize=131072
ignoring nonexistent directory "/scratch/dachang/vai1.3/petalinux/sysroots/aarch64-xilinx-linux/usr/local/include"
ignoring nonexistent directory "/scratch/dachang/vai1.3/petalinux/sysroots/x86_64-petalinux-linux/usr/lib/aarch64-xilinx-linux/gcc/aarch64-xilinx-linux/9.2.0/../../../../../aarch64-xilinx-linux/include"
#include "..." search starts here:
#include <...> search starts here:
 /scratch/dachang/vai1.3/petalinux/sysroots/x86_64-petalinux-linux/usr/lib/aarch64-xilinx-linux/gcc/aarch64-xilinx-linux/9.2.0/include
 /scratch/dachang/vai1.3/petalinux/sysroots/aarch64-xilinx-linux/usr/lib/aarch64-xilinx-linux/9.2.0/include
 /scratch/dachang/vai1.3/petalinux/sysroots/x86_64-petalinux-linux/usr/lib/aarch64-xilinx-linux/gcc/aarch64-xilinx-linux/9.2.0/include-fixed
 /scratch/dachang/vai1.3/petalinux/sysroots/aarch64-xilinx-linux/usr/include/
End of search list.
GNU C17 (GCC) version 9.2.0 (aarch64-xilinx-linux)
	compiled by GNU C version 9.2.0, GMP version 6.1.2, MPFR version 4.0.2, MPC version 1.1.0, isl version none
GGC heuristics: --param ggc-min-expand=100 --param ggc-min-heapsize=131072
Compiler executable checksum: 5b21111682eaea381ccce69b64256c89
COMPILER_PATH=/scratch/dachang/vai1.3/petalinux/sysroots/x86_64-petalinux-linux/usr/libexec/aarch64-xilinx-linux/gcc/aarch64-xilinx-linux/9.2.0/:/scratch/dachang/vai1.3/petalinux/sysroots/x86_64-petalinux-linux/usr/libexec/aarch64-xilinx-linux/gcc/aarch64-xilinx-linux/9.2.0/:/scratch/dachang/vai1.3/petalinux/sysroots/x86_64-petalinux-linux/usr/libexec/aarch64-xilinx-linux/gcc/aarch64-xilinx-linux/:/scratch/dachang/vai1.3/petalinux/sysroots/x86_64-petalinux-linux/usr/lib/aarch64-xilinx-linux/gcc/aarch64-xilinx-linux/9.2.0/:/scratch/dachang/vai1.3/petalinux/sysroots/x86_64-petalinux-linux/usr/lib/aarch64-xilinx-linux/gcc/aarch64-xilinx-linux/
LIBRARY_PATH=/scratch/dachang/vai1.3/petalinux/sysroots/x86_64-petalinux-linux/usr/lib/aarch64-xilinx-linux/gcc/aarch64-xilinx-linux/9.2.0/:/scratch/dachang/vai1.3/petalinux/sysroots/aarch64-xilinx-linux/lib/:/scratch/dachang/vai1.3/petalinux/sysroots/aarch64-xilinx-linux/usr/lib/aarch64-xilinx-linux/9.2.0/:/scratch/dachang/vai1.3/petalinux/sysroots/aarch64-xilinx-linux/usr/lib/
COLLECT_GCC_OPTIONS='--sysroot=/scratch/dachang/vai1.3/petalinux/sysroots/aarch64-xilinx-linux' '-march=armv8-a+crc' '-mtune=cortex-a72.cortex-a53' '-O2' '-pipe' '-g' '-feliminate-unused-debug-types' '-v' '-o' 'CMakeFiles/cmTC_4ffb6.dir/CMakeCCompilerABI.c.o' '-c' '-mlittle-endian' '-mabi=lp64'
Linking C executable cmTC_4ffb6
/scratch/dachang/vai1.3/petalinux/sysroots/x86_64-petalinux-linux/usr/bin/cmake -E cmake_link_script CMakeFiles/cmTC_4ffb6.dir/link.txt --verbose=1
/scratch/dachang/vai1.3/petalinux/sysroots/x86_64-petalinux-linux/usr/bin/aarch64-xilinx-linux/aarch64-xilinx-linux-gcc   -march=armv8-a+crc -mtune=cortex-a72.cortex-a53 --sysroot=/scratch/dachang/vai1.3/petalinux/sysroots/aarch64-xilinx-linux --sysroot=/scratch/dachang/vai1.3/petalinux/sysroots/aarch64-xilinx-linux  -O2 -pipe -g -feliminate-unused-debug-types    -Wl,-O1 -Wl,--hash-style=gnu -Wl,--as-needed -v CMakeFiles/cmTC_4ffb6.dir/CMakeCCompilerABI.c.o  -o cmTC_4ffb6 
Using built-in specs.
COLLECT_GCC=/scratch/dachang/vai1.3/petalinux/sysroots/x86_64-petalinux-linux/usr/bin/aarch64-xilinx-linux/aarch64-xilinx-linux-gcc
COLLECT_LTO_WRAPPER=/scratch/dachang/vai1.3/petalinux/sysroots/x86_64-petalinux-linux/usr/libexec/aarch64-xilinx-linux/gcc/aarch64-xilinx-linux/9.2.0/lto-wrapper
Target: aarch64-xilinx-linux
Configured with: ../../../../../../work-shared/gcc-9.2.0-r0/gcc-9.2.0/configure --build=x86_64-linux --host=x86_64-petalinux-linux --target=aarch64-xilinx-linux --prefix=/opt/petalinux/2020.2/sysroots/x86_64-petalinux-linux/usr --exec_prefix=/opt/petalinux/2020.2/sysroots/x86_64-petalinux-linux/usr --bindir=/opt/petalinux/2020.2/sysroots/x86_64-petalinux-linux/usr/bin/aarch64-xilinx-linux --sbindir=/opt/petalinux/2020.2/sysroots/x86_64-petalinux-linux/usr/bin/aarch64-xilinx-linux --libexecdir=/opt/petalinux/2020.2/sysroots/x86_64-petalinux-linux/usr/libexec/aarch64-xilinx-linux --datadir=/opt/petalinux/2020.2/sysroots/x86_64-petalinux-linux/usr/share --sysconfdir=/opt/petalinux/2020.2/sysroots/x86_64-petalinux-linux/etc --sharedstatedir=/opt/petalinux/2020.2/sysroots/x86_64-petalinux-linux/com --localstatedir=/opt/petalinux/2020.2/sysroots/x86_64-petalinux-linux/var --libdir=/opt/petalinux/2020.2/sysroots/x86_64-petalinux-linux/usr/lib/aarch64-xilinx-linux --includedir=/opt/petalinux/2020.2/sysroots/x86_64-petalinux-linux/usr/include --oldincludedir=/opt/petalinux/2020.2/sysroots/x86_64-petalinux-linux/usr/include --infodir=/opt/petalinux/2020.2/sysroots/x86_64-petalinux-linux/usr/share/info --mandir=/opt/petalinux/2020.2/sysroots/x86_64-petalinux-linux/usr/share/man --disable-silent-rules --disable-dependency-tracking --with-libtool-sysroot=/tmp/jenkins/xcossw01/workspace/BUILDS/eSDK/2020.2_stable-pipeline-build/VersalFullPrime/build/tmp/work/x86_64-nativesdk-petalinux-linux/gcc-cross-canadian-aarch64/9.2.0-r0/recipe-sysroot --with-gnu-ld --enable-shared --enable-languages=c,c++ --enable-threads=posix --enable-multilib --enable-default-pie --enable-c99 --enable-long-long --enable-symvers=gnu --enable-libstdcxx-pch --program-prefix=aarch64-xilinx-linux- --without-local-prefix --enable-lto --disable-libssp --enable-libitm --disable-bootstrap --disable-libmudflap --with-system-zlib --with-linker-hash-style=gnu --enable-linker-build-id --with-ppl=no --with-cloog=no --enable-checking=release --enable-cheaders=c_global --without-isl --with-gxx-include-dir=/not/exist/usr/include/c++/9.2.0 --with-build-time-tools=/tmp/jenkins/xcossw01/workspace/BUILDS/eSDK/2020.2_stable-pipeline-build/VersalFullPrime/build/tmp/work/x86_64-nativesdk-petalinux-linux/gcc-cross-canadian-aarch64/9.2.0-r0/recipe-sysroot-native/usr/aarch64-xilinx-linux/bin --with-sysroot=/not/exist --with-build-sysroot=/tmp/jenkins/xcossw01/workspace/BUILDS/eSDK/2020.2_stable-pipeline-build/VersalFullPrime/build/tmp/work/x86_64-nativesdk-petalinux-linux/gcc-cross-canadian-aarch64/9.2.0-r0/recipe-sysroot --enable-poison-system-directories --disable-static --enable-nls --with-glibc-version=2.28 --enable-initfini-array --enable-__cxa_atexit
Thread model: posix
gcc version 9.2.0 (GCC) 
COMPILER_PATH=/scratch/dachang/vai1.3/petalinux/sysroots/x86_64-petalinux-linux/usr/libexec/aarch64-xilinx-linux/gcc/aarch64-xilinx-linux/9.2.0/:/scratch/dachang/vai1.3/petalinux/sysroots/x86_64-petalinux-linux/usr/libexec/aarch64-xilinx-linux/gcc/aarch64-xilinx-linux/9.2.0/:/scratch/dachang/vai1.3/petalinux/sysroots/x86_64-petalinux-linux/usr/libexec/aarch64-xilinx-linux/gcc/aarch64-xilinx-linux/:/scratch/dachang/vai1.3/petalinux/sysroots/x86_64-petalinux-linux/usr/lib/aarch64-xilinx-linux/gcc/aarch64-xilinx-linux/9.2.0/:/scratch/dachang/vai1.3/petalinux/sysroots/x86_64-petalinux-linux/usr/lib/aarch64-xilinx-linux/gcc/aarch64-xilinx-linux/
LIBRARY_PATH=/scratch/dachang/vai1.3/petalinux/sysroots/x86_64-petalinux-linux/usr/lib/aarch64-xilinx-linux/gcc/aarch64-xilinx-linux/9.2.0/:/scratch/dachang/vai1.3/petalinux/sysroots/aarch64-xilinx-linux/lib/:/scratch/dachang/vai1.3/petalinux/sysroots/aarch64-xilinx-linux/usr/lib/aarch64-xilinx-linux/9.2.0/:/scratch/dachang/vai1.3/petalinux/sysroots/aarch64-xilinx-linux/usr/lib/
COLLECT_GCC_OPTIONS='--sysroot=/scratch/dachang/vai1.3/petalinux/sysroots/aarch64-xilinx-linux' '-march=armv8-a+crc' '-mtune=cortex-a72.cortex-a53' '-O2' '-pipe' '-g' '-feliminate-unused-debug-types' '-v' '-o' 'cmTC_4ffb6' '-mlittle-endian' '-mabi=lp64'
 /scratch/dachang/vai1.3/petalinux/sysroots/x86_64-petalinux-linux/usr/libexec/aarch64-xilinx-linux/gcc/aarch64-xilinx-linux/9.2.0/collect2 -plugin /scratch/dachang/vai1.3/petalinux/sysroots/x86_64-petalinux-linux/usr/libexec/aarch64-xilinx-linux/gcc/aarch64-xilinx-linux/9.2.0/liblto_plugin.so -plugin-opt=/scratch/dachang/vai1.3/petalinux/sysroots/x86_64-petalinux-linux/usr/libexec/aarch64-xilinx-linux/gcc/aarch64-xilinx-linux/9.2.0/lto-wrapper -plugin-opt=-fresolution=/tmp/cc1W3tZ1.res -plugin-opt=-pass-through=-lgcc -plugin-opt=-pass-through=-lgcc_s -plugin-opt=-pass-through=-lc -plugin-opt=-pass-through=-lgcc -plugin-opt=-pass-through=-lgcc_s --sysroot=/scratch/dachang/vai1.3/petalinux/sysroots/aarch64-xilinx-linux --build-id --eh-frame-hdr --hash-style=gnu -dynamic-linker /lib/ld-linux-aarch64.so.1 -X -EL -maarch64linux -pie -o cmTC_4ffb6 /scratch/dachang/vai1.3/petalinux/sysroots/aarch64-xilinx-linux/usr/lib/Scrt1.o /scratch/dachang/vai1.3/petalinux/sysroots/aarch64-xilinx-linux/usr/lib/crti.o /scratch/dachang/vai1.3/petalinux/sysroots/aarch64-xilinx-linux/usr/lib/aarch64-xilinx-linux/9.2.0/crtbeginS.o -L/scratch/dachang/vai1.3/petalinux/sysroots/x86_64-petalinux-linux/usr/lib/aarch64-xilinx-linux/gcc/aarch64-xilinx-linux/9.2.0 -L/scratch/dachang/vai1.3/petalinux/sysroots/aarch64-xilinx-linux/lib -L/scratch/dachang/vai1.3/petalinux/sysroots/aarch64-xilinx-linux/usr/lib/aarch64-xilinx-linux/9.2.0 -L/scratch/dachang/vai1.3/petalinux/sysroots/aarch64-xilinx-linux/usr/lib -O1 --hash-style=gnu --as-needed CMakeFiles/cmTC_4ffb6.dir/CMakeCCompilerABI.c.o -lgcc --push-state --as-needed -lgcc_s --pop-state -lc -lgcc --push-state --as-needed -lgcc_s --pop-state /scratch/dachang/vai1.3/petalinux/sysroots/aarch64-xilinx-linux/usr/lib/aarch64-xilinx-linux/9.2.0/crtendS.o /scratch/dachang/vai1.3/petalinux/sysroots/aarch64-xilinx-linux/usr/lib/crtn.o
COLLECT_GCC_OPTIONS='--sysroot=/scratch/dachang/vai1.3/petalinux/sysroots/aarch64-xilinx-linux' '-march=armv8-a+crc' '-mtune=cortex-a72.cortex-a53' '-O2' '-pipe' '-g' '-feliminate-unused-debug-types' '-v' '-o' 'cmTC_4ffb6' '-mlittle-endian' '-mabi=lp64'
gmake[1]: Leaving directory '/scratch/dachang/Vitis-In-Depth-Tutorial/Machine_Learning/Introduction/03-Basic/Module_7/build/CMakeFiles/CMakeTmp'



Parsed C implicit include dir info from above output: rv=done
  found start of include info
  found start of implicit include info
    add: [/scratch/dachang/vai1.3/petalinux/sysroots/x86_64-petalinux-linux/usr/lib/aarch64-xilinx-linux/gcc/aarch64-xilinx-linux/9.2.0/include]
    add: [/scratch/dachang/vai1.3/petalinux/sysroots/aarch64-xilinx-linux/usr/lib/aarch64-xilinx-linux/9.2.0/include]
    add: [/scratch/dachang/vai1.3/petalinux/sysroots/x86_64-petalinux-linux/usr/lib/aarch64-xilinx-linux/gcc/aarch64-xilinx-linux/9.2.0/include-fixed]
    add: [/scratch/dachang/vai1.3/petalinux/sysroots/aarch64-xilinx-linux/usr/include/]
  end of search list found
  collapse include dir [/scratch/dachang/vai1.3/petalinux/sysroots/x86_64-petalinux-linux/usr/lib/aarch64-xilinx-linux/gcc/aarch64-xilinx-linux/9.2.0/include] ==> [/scratch/dachang/vai1.3/petalinux/sysroots/x86_64-petalinux-linux/usr/lib/aarch64-xilinx-linux/gcc/aarch64-xilinx-linux/9.2.0/include]
  collapse include dir [/scratch/dachang/vai1.3/petalinux/sysroots/aarch64-xilinx-linux/usr/lib/aarch64-xilinx-linux/9.2.0/include] ==> [/scratch/dachang/vai1.3/petalinux/sysroots/aarch64-xilinx-linux/usr/lib/aarch64-xilinx-linux/9.2.0/include]
  collapse include dir [/scratch/dachang/vai1.3/petalinux/sysroots/x86_64-petalinux-linux/usr/lib/aarch64-xilinx-linux/gcc/aarch64-xilinx-linux/9.2.0/include-fixed] ==> [/scratch/dachang/vai1.3/petalinux/sysroots/x86_64-petalinux-linux/usr/lib/aarch64-xilinx-linux/gcc/aarch64-xilinx-linux/9.2.0/include-fixed]
  collapse include dir [/scratch/dachang/vai1.3/petalinux/sysroots/aarch64-xilinx-linux/usr/include/] ==> [/scratch/dachang/vai1.3/petalinux/sysroots/aarch64-xilinx-linux/usr/include]
  implicit include dirs: [/scratch/dachang/vai1.3/petalinux/sysroots/x86_64-petalinux-linux/usr/lib/aarch64-xilinx-linux/gcc/aarch64-xilinx-linux/9.2.0/include;/scratch/dachang/vai1.3/petalinux/sysroots/aarch64-xilinx-linux/usr/lib/aarch64-xilinx-linux/9.2.0/include;/scratch/dachang/vai1.3/petalinux/sysroots/x86_64-petalinux-linux/usr/lib/aarch64-xilinx-linux/gcc/aarch64-xilinx-linux/9.2.0/include-fixed;/scratch/dachang/vai1.3/petalinux/sysroots/aarch64-xilinx-linux/usr/include]


Parsed C implicit link information from above output:
  link line regex: [^( *|.*[/\])(aarch64-xilinx-linux-ld|CMAKE_LINK_STARTFILE-NOTFOUND|([^/\]+-)?ld|collect2)[^/\]*( |$)]
  ignore line: [Change Dir: /scratch/dachang/Vitis-In-Depth-Tutorial/Machine_Learning/Introduction/03-Basic/Module_7/build/CMakeFiles/CMakeTmp]
  ignore line: []
  ignore line: [Run Build Command(s):/usr/bin/gmake cmTC_4ffb6/fast && /usr/bin/gmake -f CMakeFiles/cmTC_4ffb6.dir/build.make CMakeFiles/cmTC_4ffb6.dir/build]
  ignore line: [gmake[1]: Entering directory '/scratch/dachang/Vitis-In-Depth-Tutorial/Machine_Learning/Introduction/03-Basic/Module_7/build/CMakeFiles/CMakeTmp']
  ignore line: [Building C object CMakeFiles/cmTC_4ffb6.dir/CMakeCCompilerABI.c.o]
  ignore line: [/scratch/dachang/vai1.3/petalinux/sysroots/x86_64-petalinux-linux/usr/bin/aarch64-xilinx-linux/aarch64-xilinx-linux-gcc   -march=armv8-a+crc -mtune=cortex-a72.cortex-a53 --sysroot=/scratch/dachang/vai1.3/petalinux/sysroots/aarch64-xilinx-linux --sysroot=/scratch/dachang/vai1.3/petalinux/sysroots/aarch64-xilinx-linux   -O2 -pipe -g -feliminate-unused-debug-types     -v -o CMakeFiles/cmTC_4ffb6.dir/CMakeCCompilerABI.c.o   -c /scratch/dachang/vai1.3/petalinux/sysroots/x86_64-petalinux-linux/usr/share/cmake-3.15/Modules/CMakeCCompilerABI.c]
  ignore line: [Using built-in specs.]
  ignore line: [COLLECT_GCC=/scratch/dachang/vai1.3/petalinux/sysroots/x86_64-petalinux-linux/usr/bin/aarch64-xilinx-linux/aarch64-xilinx-linux-gcc]
  ignore line: [Target: aarch64-xilinx-linux]
  ignore line: [Configured with: ../../../../../../work-shared/gcc-9.2.0-r0/gcc-9.2.0/configure --build=x86_64-linux --host=x86_64-petalinux-linux --target=aarch64-xilinx-linux --prefix=/opt/petalinux/2020.2/sysroots/x86_64-petalinux-linux/usr --exec_prefix=/opt/petalinux/2020.2/sysroots/x86_64-petalinux-linux/usr --bindir=/opt/petalinux/2020.2/sysroots/x86_64-petalinux-linux/usr/bin/aarch64-xilinx-linux --sbindir=/opt/petalinux/2020.2/sysroots/x86_64-petalinux-linux/usr/bin/aarch64-xilinx-linux --libexecdir=/opt/petalinux/2020.2/sysroots/x86_64-petalinux-linux/usr/libexec/aarch64-xilinx-linux --datadir=/opt/petalinux/2020.2/sysroots/x86_64-petalinux-linux/usr/share --sysconfdir=/opt/petalinux/2020.2/sysroots/x86_64-petalinux-linux/etc --sharedstatedir=/opt/petalinux/2020.2/sysroots/x86_64-petalinux-linux/com --localstatedir=/opt/petalinux/2020.2/sysroots/x86_64-petalinux-linux/var --libdir=/opt/petalinux/2020.2/sysroots/x86_64-petalinux-linux/usr/lib/aarch64-xilinx-linux --includedir=/opt/petalinux/2020.2/sysroots/x86_64-petalinux-linux/usr/include --oldincludedir=/opt/petalinux/2020.2/sysroots/x86_64-petalinux-linux/usr/include --infodir=/opt/petalinux/2020.2/sysroots/x86_64-petalinux-linux/usr/share/info --mandir=/opt/petalinux/2020.2/sysroots/x86_64-petalinux-linux/usr/share/man --disable-silent-rules --disable-dependency-tracking --with-libtool-sysroot=/tmp/jenkins/xcossw01/workspace/BUILDS/eSDK/2020.2_stable-pipeline-build/VersalFullPrime/build/tmp/work/x86_64-nativesdk-petalinux-linux/gcc-cross-canadian-aarch64/9.2.0-r0/recipe-sysroot --with-gnu-ld --enable-shared --enable-languages=c,c++ --enable-threads=posix --enable-multilib --enable-default-pie --enable-c99 --enable-long-long --enable-symvers=gnu --enable-libstdcxx-pch --program-prefix=aarch64-xilinx-linux- --without-local-prefix --enable-lto --disable-libssp --enable-libitm --disable-bootstrap --disable-libmudflap --with-system-zlib --with-linker-hash-style=gnu --enable-linker-build-id --with-ppl=no --with-cloog=no --enable-checking=release --enable-cheaders=c_global --without-isl --with-gxx-include-dir=/not/exist/usr/include/c++/9.2.0 --with-build-time-tools=/tmp/jenkins/xcossw01/workspace/BUILDS/eSDK/2020.2_stable-pipeline-build/VersalFullPrime/build/tmp/work/x86_64-nativesdk-petalinux-linux/gcc-cross-canadian-aarch64/9.2.0-r0/recipe-sysroot-native/usr/aarch64-xilinx-linux/bin --with-sysroot=/not/exist --with-build-sysroot=/tmp/jenkins/xcossw01/workspace/BUILDS/eSDK/2020.2_stable-pipeline-build/VersalFullPrime/build/tmp/work/x86_64-nativesdk-petalinux-linux/gcc-cross-canadian-aarch64/9.2.0-r0/recipe-sysroot --enable-poison-system-directories --disable-static --enable-nls --with-glibc-version=2.28 --enable-initfini-array --enable-__cxa_atexit]
  ignore line: [Thread model: posix]
  ignore line: [gcc version 9.2.0 (GCC) ]
  ignore line: [COLLECT_GCC_OPTIONS='--sysroot=/scratch/dachang/vai1.3/petalinux/sysroots/aarch64-xilinx-linux' '-march=armv8-a+crc' '-mtune=cortex-a72.cortex-a53' '-O2' '-pipe' '-g' '-feliminate-unused-debug-types' '-v' '-o' 'CMakeFiles/cmTC_4ffb6.dir/CMakeCCompilerABI.c.o' '-c' '-mlittle-endian' '-mabi=lp64']
  ignore line: [ /scratch/dachang/vai1.3/petalinux/sysroots/x86_64-petalinux-linux/usr/libexec/aarch64-xilinx-linux/gcc/aarch64-xilinx-linux/9.2.0/cc1 -quiet -v -isysroot /scratch/dachang/vai1.3/petalinux/sysroots/aarch64-xilinx-linux /scratch/dachang/vai1.3/petalinux/sysroots/x86_64-petalinux-linux/usr/share/cmake-3.15/Modules/CMakeCCompilerABI.c -quiet -dumpbase CMakeCCompilerABI.c -march=armv8-a+crc -mtune=cortex-a72.cortex-a53 -mlittle-endian -mabi=lp64 -auxbase-strip CMakeFiles/cmTC_4ffb6.dir/CMakeCCompilerABI.c.o -g -O2 -version -feliminate-unused-debug-types -o - |]
  ignore line: [ /scratch/dachang/vai1.3/petalinux/sysroots/x86_64-petalinux-linux/usr/libexec/aarch64-xilinx-linux/gcc/aarch64-xilinx-linux/9.2.0/as -v -EL -march=armv8-a+crc -mabi=lp64 -o CMakeFiles/cmTC_4ffb6.dir/CMakeCCompilerABI.c.o]
  ignore line: [GNU assembler version 2.32.0 (aarch64-xilinx-linux) using BFD version (GNU Binutils) 2.32.0.20190204]
  ignore line: [GNU C17 (GCC) version 9.2.0 (aarch64-xilinx-linux)]
  ignore line: [	compiled by GNU C version 9.2.0, GMP version 6.1.2, MPFR version 4.0.2, MPC version 1.1.0, isl version none]
  ignore line: [GGC heuristics: --param ggc-min-expand=100 --param ggc-min-heapsize=131072]
  ignore line: [ignoring nonexistent directory "/scratch/dachang/vai1.3/petalinux/sysroots/aarch64-xilinx-linux/usr/local/include"]
  ignore line: [ignoring nonexistent directory "/scratch/dachang/vai1.3/petalinux/sysroots/x86_64-petalinux-linux/usr/lib/aarch64-xilinx-linux/gcc/aarch64-xilinx-linux/9.2.0/../../../../../aarch64-xilinx-linux/include"]
  ignore line: [#include "..." search starts here:]
  ignore line: [#include <...> search starts here:]
  ignore line: [ /scratch/dachang/vai1.3/petalinux/sysroots/x86_64-petalinux-linux/usr/lib/aarch64-xilinx-linux/gcc/aarch64-xilinx-linux/9.2.0/include]
  ignore line: [ /scratch/dachang/vai1.3/petalinux/sysroots/aarch64-xilinx-linux/usr/lib/aarch64-xilinx-linux/9.2.0/include]
  ignore line: [ /scratch/dachang/vai1.3/petalinux/sysroots/x86_64-petalinux-linux/usr/lib/aarch64-xilinx-linux/gcc/aarch64-xilinx-linux/9.2.0/include-fixed]
  ignore line: [ /scratch/dachang/vai1.3/petalinux/sysroots/aarch64-xilinx-linux/usr/include/]
  ignore line: [End of search list.]
  ignore line: [GNU C17 (GCC) version 9.2.0 (aarch64-xilinx-linux)]
  ignore line: [	compiled by GNU C version 9.2.0, GMP version 6.1.2, MPFR version 4.0.2, MPC version 1.1.0, isl version none]
  ignore line: [GGC heuristics: --param ggc-min-expand=100 --param ggc-min-heapsize=131072]
  ignore line: [Compiler executable checksum: 5b21111682eaea381ccce69b64256c89]
  ignore line: [COMPILER_PATH=/scratch/dachang/vai1.3/petalinux/sysroots/x86_64-petalinux-linux/usr/libexec/aarch64-xilinx-linux/gcc/aarch64-xilinx-linux/9.2.0/:/scratch/dachang/vai1.3/petalinux/sysroots/x86_64-petalinux-linux/usr/libexec/aarch64-xilinx-linux/gcc/aarch64-xilinx-linux/9.2.0/:/scratch/dachang/vai1.3/petalinux/sysroots/x86_64-petalinux-linux/usr/libexec/aarch64-xilinx-linux/gcc/aarch64-xilinx-linux/:/scratch/dachang/vai1.3/petalinux/sysroots/x86_64-petalinux-linux/usr/lib/aarch64-xilinx-linux/gcc/aarch64-xilinx-linux/9.2.0/:/scratch/dachang/vai1.3/petalinux/sysroots/x86_64-petalinux-linux/usr/lib/aarch64-xilinx-linux/gcc/aarch64-xilinx-linux/]
  ignore line: [LIBRARY_PATH=/scratch/dachang/vai1.3/petalinux/sysroots/x86_64-petalinux-linux/usr/lib/aarch64-xilinx-linux/gcc/aarch64-xilinx-linux/9.2.0/:/scratch/dachang/vai1.3/petalinux/sysroots/aarch64-xilinx-linux/lib/:/scratch/dachang/vai1.3/petalinux/sysroots/aarch64-xilinx-linux/usr/lib/aarch64-xilinx-linux/9.2.0/:/scratch/dachang/vai1.3/petalinux/sysroots/aarch64-xilinx-linux/usr/lib/]
  ignore line: [COLLECT_GCC_OPTIONS='--sysroot=/scratch/dachang/vai1.3/petalinux/sysroots/aarch64-xilinx-linux' '-march=armv8-a+crc' '-mtune=cortex-a72.cortex-a53' '-O2' '-pipe' '-g' '-feliminate-unused-debug-types' '-v' '-o' 'CMakeFiles/cmTC_4ffb6.dir/CMakeCCompilerABI.c.o' '-c' '-mlittle-endian' '-mabi=lp64']
  ignore line: [Linking C executable cmTC_4ffb6]
  ignore line: [/scratch/dachang/vai1.3/petalinux/sysroots/x86_64-petalinux-linux/usr/bin/cmake -E cmake_link_script CMakeFiles/cmTC_4ffb6.dir/link.txt --verbose=1]
  ignore line: [/scratch/dachang/vai1.3/petalinux/sysroots/x86_64-petalinux-linux/usr/bin/aarch64-xilinx-linux/aarch64-xilinx-linux-gcc   -march=armv8-a+crc -mtune=cortex-a72.cortex-a53 --sysroot=/scratch/dachang/vai1.3/petalinux/sysroots/aarch64-xilinx-linux --sysroot=/scratch/dachang/vai1.3/petalinux/sysroots/aarch64-xilinx-linux  -O2 -pipe -g -feliminate-unused-debug-types    -Wl,-O1 -Wl,--hash-style=gnu -Wl,--as-needed -v CMakeFiles/cmTC_4ffb6.dir/CMakeCCompilerABI.c.o  -o cmTC_4ffb6 ]
  ignore line: [Using built-in specs.]
  ignore line: [COLLECT_GCC=/scratch/dachang/vai1.3/petalinux/sysroots/x86_64-petalinux-linux/usr/bin/aarch64-xilinx-linux/aarch64-xilinx-linux-gcc]
  ignore line: [COLLECT_LTO_WRAPPER=/scratch/dachang/vai1.3/petalinux/sysroots/x86_64-petalinux-linux/usr/libexec/aarch64-xilinx-linux/gcc/aarch64-xilinx-linux/9.2.0/lto-wrapper]
  ignore line: [Target: aarch64-xilinx-linux]
  ignore line: [Configured with: ../../../../../../work-shared/gcc-9.2.0-r0/gcc-9.2.0/configure --build=x86_64-linux --host=x86_64-petalinux-linux --target=aarch64-xilinx-linux --prefix=/opt/petalinux/2020.2/sysroots/x86_64-petalinux-linux/usr --exec_prefix=/opt/petalinux/2020.2/sysroots/x86_64-petalinux-linux/usr --bindir=/opt/petalinux/2020.2/sysroots/x86_64-petalinux-linux/usr/bin/aarch64-xilinx-linux --sbindir=/opt/petalinux/2020.2/sysroots/x86_64-petalinux-linux/usr/bin/aarch64-xilinx-linux --libexecdir=/opt/petalinux/2020.2/sysroots/x86_64-petalinux-linux/usr/libexec/aarch64-xilinx-linux --datadir=/opt/petalinux/2020.2/sysroots/x86_64-petalinux-linux/usr/share --sysconfdir=/opt/petalinux/2020.2/sysroots/x86_64-petalinux-linux/etc --sharedstatedir=/opt/petalinux/2020.2/sysroots/x86_64-petalinux-linux/com --localstatedir=/opt/petalinux/2020.2/sysroots/x86_64-petalinux-linux/var --libdir=/opt/petalinux/2020.2/sysroots/x86_64-petalinux-linux/usr/lib/aarch64-xilinx-linux --includedir=/opt/petalinux/2020.2/sysroots/x86_64-petalinux-linux/usr/include --oldincludedir=/opt/petalinux/2020.2/sysroots/x86_64-petalinux-linux/usr/include --infodir=/opt/petalinux/2020.2/sysroots/x86_64-petalinux-linux/usr/share/info --mandir=/opt/petalinux/2020.2/sysroots/x86_64-petalinux-linux/usr/share/man --disable-silent-rules --disable-dependency-tracking --with-libtool-sysroot=/tmp/jenkins/xcossw01/workspace/BUILDS/eSDK/2020.2_stable-pipeline-build/VersalFullPrime/build/tmp/work/x86_64-nativesdk-petalinux-linux/gcc-cross-canadian-aarch64/9.2.0-r0/recipe-sysroot --with-gnu-ld --enable-shared --enable-languages=c,c++ --enable-threads=posix --enable-multilib --enable-default-pie --enable-c99 --enable-long-long --enable-symvers=gnu --enable-libstdcxx-pch --program-prefix=aarch64-xilinx-linux- --without-local-prefix --enable-lto --disable-libssp --enable-libitm --disable-bootstrap --disable-libmudflap --with-system-zlib --with-linker-hash-style=gnu --enable-linker-build-id --with-ppl=no --with-cloog=no --enable-checking=release --enable-cheaders=c_global --without-isl --with-gxx-include-dir=/not/exist/usr/include/c++/9.2.0 --with-build-time-tools=/tmp/jenkins/xcossw01/workspace/BUILDS/eSDK/2020.2_stable-pipeline-build/VersalFullPrime/build/tmp/work/x86_64-nativesdk-petalinux-linux/gcc-cross-canadian-aarch64/9.2.0-r0/recipe-sysroot-native/usr/aarch64-xilinx-linux/bin --with-sysroot=/not/exist --with-build-sysroot=/tmp/jenkins/xcossw01/workspace/BUILDS/eSDK/2020.2_stable-pipeline-build/VersalFullPrime/build/tmp/work/x86_64-nativesdk-petalinux-linux/gcc-cross-canadian-aarch64/9.2.0-r0/recipe-sysroot --enable-poison-system-directories --disable-static --enable-nls --with-glibc-version=2.28 --enable-initfini-array --enable-__cxa_atexit]
  ignore line: [Thread model: posix]
  ignore line: [gcc version 9.2.0 (GCC) ]
  ignore line: [COMPILER_PATH=/scratch/dachang/vai1.3/petalinux/sysroots/x86_64-petalinux-linux/usr/libexec/aarch64-xilinx-linux/gcc/aarch64-xilinx-linux/9.2.0/:/scratch/dachang/vai1.3/petalinux/sysroots/x86_64-petalinux-linux/usr/libexec/aarch64-xilinx-linux/gcc/aarch64-xilinx-linux/9.2.0/:/scratch/dachang/vai1.3/petalinux/sysroots/x86_64-petalinux-linux/usr/libexec/aarch64-xilinx-linux/gcc/aarch64-xilinx-linux/:/scratch/dachang/vai1.3/petalinux/sysroots/x86_64-petalinux-linux/usr/lib/aarch64-xilinx-linux/gcc/aarch64-xilinx-linux/9.2.0/:/scratch/dachang/vai1.3/petalinux/sysroots/x86_64-petalinux-linux/usr/lib/aarch64-xilinx-linux/gcc/aarch64-xilinx-linux/]
  ignore line: [LIBRARY_PATH=/scratch/dachang/vai1.3/petalinux/sysroots/x86_64-petalinux-linux/usr/lib/aarch64-xilinx-linux/gcc/aarch64-xilinx-linux/9.2.0/:/scratch/dachang/vai1.3/petalinux/sysroots/aarch64-xilinx-linux/lib/:/scratch/dachang/vai1.3/petalinux/sysroots/aarch64-xilinx-linux/usr/lib/aarch64-xilinx-linux/9.2.0/:/scratch/dachang/vai1.3/petalinux/sysroots/aarch64-xilinx-linux/usr/lib/]
  ignore line: [COLLECT_GCC_OPTIONS='--sysroot=/scratch/dachang/vai1.3/petalinux/sysroots/aarch64-xilinx-linux' '-march=armv8-a+crc' '-mtune=cortex-a72.cortex-a53' '-O2' '-pipe' '-g' '-feliminate-unused-debug-types' '-v' '-o' 'cmTC_4ffb6' '-mlittle-endian' '-mabi=lp64']
  link line: [ /scratch/dachang/vai1.3/petalinux/sysroots/x86_64-petalinux-linux/usr/libexec/aarch64-xilinx-linux/gcc/aarch64-xilinx-linux/9.2.0/collect2 -plugin /scratch/dachang/vai1.3/petalinux/sysroots/x86_64-petalinux-linux/usr/libexec/aarch64-xilinx-linux/gcc/aarch64-xilinx-linux/9.2.0/liblto_plugin.so -plugin-opt=/scratch/dachang/vai1.3/petalinux/sysroots/x86_64-petalinux-linux/usr/libexec/aarch64-xilinx-linux/gcc/aarch64-xilinx-linux/9.2.0/lto-wrapper -plugin-opt=-fresolution=/tmp/cc1W3tZ1.res -plugin-opt=-pass-through=-lgcc -plugin-opt=-pass-through=-lgcc_s -plugin-opt=-pass-through=-lc -plugin-opt=-pass-through=-lgcc -plugin-opt=-pass-through=-lgcc_s --sysroot=/scratch/dachang/vai1.3/petalinux/sysroots/aarch64-xilinx-linux --build-id --eh-frame-hdr --hash-style=gnu -dynamic-linker /lib/ld-linux-aarch64.so.1 -X -EL -maarch64linux -pie -o cmTC_4ffb6 /scratch/dachang/vai1.3/petalinux/sysroots/aarch64-xilinx-linux/usr/lib/Scrt1.o /scratch/dachang/vai1.3/petalinux/sysroots/aarch64-xilinx-linux/usr/lib/crti.o /scratch/dachang/vai1.3/petalinux/sysroots/aarch64-xilinx-linux/usr/lib/aarch64-xilinx-linux/9.2.0/crtbeginS.o -L/scratch/dachang/vai1.3/petalinux/sysroots/x86_64-petalinux-linux/usr/lib/aarch64-xilinx-linux/gcc/aarch64-xilinx-linux/9.2.0 -L/scratch/dachang/vai1.3/petalinux/sysroots/aarch64-xilinx-linux/lib -L/scratch/dachang/vai1.3/petalinux/sysroots/aarch64-xilinx-linux/usr/lib/aarch64-xilinx-linux/9.2.0 -L/scratch/dachang/vai1.3/petalinux/sysroots/aarch64-xilinx-linux/usr/lib -O1 --hash-style=gnu --as-needed CMakeFiles/cmTC_4ffb6.dir/CMakeCCompilerABI.c.o -lgcc --push-state --as-needed -lgcc_s --pop-state -lc -lgcc --push-state --as-needed -lgcc_s --pop-state /scratch/dachang/vai1.3/petalinux/sysroots/aarch64-xilinx-linux/usr/lib/aarch64-xilinx-linux/9.2.0/crtendS.o /scratch/dachang/vai1.3/petalinux/sysroots/aarch64-xilinx-linux/usr/lib/crtn.o]
    arg [/scratch/dachang/vai1.3/petalinux/sysroots/x86_64-petalinux-linux/usr/libexec/aarch64-xilinx-linux/gcc/aarch64-xilinx-linux/9.2.0/collect2] ==> ignore
    arg [-plugin] ==> ignore
    arg [/scratch/dachang/vai1.3/petalinux/sysroots/x86_64-petalinux-linux/usr/libexec/aarch64-xilinx-linux/gcc/aarch64-xilinx-linux/9.2.0/liblto_plugin.so] ==> ignore
    arg [-plugin-opt=/scratch/dachang/vai1.3/petalinux/sysroots/x86_64-petalinux-linux/usr/libexec/aarch64-xilinx-linux/gcc/aarch64-xilinx-linux/9.2.0/lto-wrapper] ==> ignore
    arg [-plugin-opt=-fresolution=/tmp/cc1W3tZ1.res] ==> ignore
    arg [-plugin-opt=-pass-through=-lgcc] ==> ignore
    arg [-plugin-opt=-pass-through=-lgcc_s] ==> ignore
    arg [-plugin-opt=-pass-through=-lc] ==> ignore
    arg [-plugin-opt=-pass-through=-lgcc] ==> ignore
    arg [-plugin-opt=-pass-through=-lgcc_s] ==> ignore
    arg [--sysroot=/scratch/dachang/vai1.3/petalinux/sysroots/aarch64-xilinx-linux] ==> ignore
    arg [--build-id] ==> ignore
    arg [--eh-frame-hdr] ==> ignore
    arg [--hash-style=gnu] ==> ignore
    arg [-dynamic-linker] ==> ignore
    arg [/lib/ld-linux-aarch64.so.1] ==> ignore
    arg [-X] ==> ignore
    arg [-EL] ==> ignore
    arg [-maarch64linux] ==> ignore
    arg [-pie] ==> ignore
    arg [-o] ==> ignore
    arg [cmTC_4ffb6] ==> ignore
    arg [/scratch/dachang/vai1.3/petalinux/sysroots/aarch64-xilinx-linux/usr/lib/Scrt1.o] ==> ignore
    arg [/scratch/dachang/vai1.3/petalinux/sysroots/aarch64-xilinx-linux/usr/lib/crti.o] ==> ignore
    arg [/scratch/dachang/vai1.3/petalinux/sysroots/aarch64-xilinx-linux/usr/lib/aarch64-xilinx-linux/9.2.0/crtbeginS.o] ==> ignore
    arg [-L/scratch/dachang/vai1.3/petalinux/sysroots/x86_64-petalinux-linux/usr/lib/aarch64-xilinx-linux/gcc/aarch64-xilinx-linux/9.2.0] ==> dir [/scratch/dachang/vai1.3/petalinux/sysroots/x86_64-petalinux-linux/usr/lib/aarch64-xilinx-linux/gcc/aarch64-xilinx-linux/9.2.0]
    arg [-L/scratch/dachang/vai1.3/petalinux/sysroots/aarch64-xilinx-linux/lib] ==> dir [/scratch/dachang/vai1.3/petalinux/sysroots/aarch64-xilinx-linux/lib]
    arg [-L/scratch/dachang/vai1.3/petalinux/sysroots/aarch64-xilinx-linux/usr/lib/aarch64-xilinx-linux/9.2.0] ==> dir [/scratch/dachang/vai1.3/petalinux/sysroots/aarch64-xilinx-linux/usr/lib/aarch64-xilinx-linux/9.2.0]
    arg [-L/scratch/dachang/vai1.3/petalinux/sysroots/aarch64-xilinx-linux/usr/lib] ==> dir [/scratch/dachang/vai1.3/petalinux/sysroots/aarch64-xilinx-linux/usr/lib]
    arg [-O1] ==> ignore
    arg [--hash-style=gnu] ==> ignore
    arg [--as-needed] ==> ignore
    arg [CMakeFiles/cmTC_4ffb6.dir/CMakeCCompilerABI.c.o] ==> ignore
    arg [-lgcc] ==> lib [gcc]
    arg [--push-state] ==> ignore
    arg [--as-needed] ==> ignore
    arg [-lgcc_s] ==> lib [gcc_s]
    arg [--pop-state] ==> ignore
    arg [-lc] ==> lib [c]
    arg [-lgcc] ==> lib [gcc]
    arg [--push-state] ==> ignore
    arg [--as-needed] ==> ignore
    arg [-lgcc_s] ==> lib [gcc_s]
    arg [--pop-state] ==> ignore
    arg [/scratch/dachang/vai1.3/petalinux/sysroots/aarch64-xilinx-linux/usr/lib/aarch64-xilinx-linux/9.2.0/crtendS.o] ==> ignore
    arg [/scratch/dachang/vai1.3/petalinux/sysroots/aarch64-xilinx-linux/usr/lib/crtn.o] ==> ignore
  collapse library dir [/scratch/dachang/vai1.3/petalinux/sysroots/x86_64-petalinux-linux/usr/lib/aarch64-xilinx-linux/gcc/aarch64-xilinx-linux/9.2.0] ==> [/scratch/dachang/vai1.3/petalinux/sysroots/x86_64-petalinux-linux/usr/lib/aarch64-xilinx-linux/gcc/aarch64-xilinx-linux/9.2.0]
  collapse library dir [/scratch/dachang/vai1.3/petalinux/sysroots/aarch64-xilinx-linux/lib] ==> [/scratch/dachang/vai1.3/petalinux/sysroots/aarch64-xilinx-linux/lib]
  collapse library dir [/scratch/dachang/vai1.3/petalinux/sysroots/aarch64-xilinx-linux/usr/lib/aarch64-xilinx-linux/9.2.0] ==> [/scratch/dachang/vai1.3/petalinux/sysroots/aarch64-xilinx-linux/usr/lib/aarch64-xilinx-linux/9.2.0]
  collapse library dir [/scratch/dachang/vai1.3/petalinux/sysroots/aarch64-xilinx-linux/usr/lib] ==> [/scratch/dachang/vai1.3/petalinux/sysroots/aarch64-xilinx-linux/usr/lib]
  implicit libs: [gcc;gcc_s;c;gcc;gcc_s]
  implicit dirs: [/scratch/dachang/vai1.3/petalinux/sysroots/x86_64-petalinux-linux/usr/lib/aarch64-xilinx-linux/gcc/aarch64-xilinx-linux/9.2.0;/scratch/dachang/vai1.3/petalinux/sysroots/aarch64-xilinx-linux/lib;/scratch/dachang/vai1.3/petalinux/sysroots/aarch64-xilinx-linux/usr/lib/aarch64-xilinx-linux/9.2.0;/scratch/dachang/vai1.3/petalinux/sysroots/aarch64-xilinx-linux/usr/lib]
  implicit fwks: []


Determining if the CXX compiler works passed with the following output:
Change Dir: /scratch/dachang/Vitis-In-Depth-Tutorial/Machine_Learning/Introduction/03-Basic/Module_7/build/CMakeFiles/CMakeTmp

Run Build Command(s):/usr/bin/gmake cmTC_27dc9/fast && /usr/bin/gmake -f CMakeFiles/cmTC_27dc9.dir/build.make CMakeFiles/cmTC_27dc9.dir/build
gmake[1]: Entering directory '/scratch/dachang/Vitis-In-Depth-Tutorial/Machine_Learning/Introduction/03-Basic/Module_7/build/CMakeFiles/CMakeTmp'
Building CXX object CMakeFiles/cmTC_27dc9.dir/testCXXCompiler.cxx.o
/scratch/dachang/vai1.3/petalinux/sysroots/x86_64-petalinux-linux/usr/bin/aarch64-xilinx-linux/aarch64-xilinx-linux-g++   -march=armv8-a+crc -mtune=cortex-a72.cortex-a53 --sysroot=/scratch/dachang/vai1.3/petalinux/sysroots/aarch64-xilinx-linux --sysroot=/scratch/dachang/vai1.3/petalinux/sysroots/aarch64-xilinx-linux    -O2 -pipe -g -feliminate-unused-debug-types     -o CMakeFiles/cmTC_27dc9.dir/testCXXCompiler.cxx.o -c /scratch/dachang/Vitis-In-Depth-Tutorial/Machine_Learning/Introduction/03-Basic/Module_7/build/CMakeFiles/CMakeTmp/testCXXCompiler.cxx
Linking CXX executable cmTC_27dc9
/scratch/dachang/vai1.3/petalinux/sysroots/x86_64-petalinux-linux/usr/bin/cmake -E cmake_link_script CMakeFiles/cmTC_27dc9.dir/link.txt --verbose=1
/scratch/dachang/vai1.3/petalinux/sysroots/x86_64-petalinux-linux/usr/bin/aarch64-xilinx-linux/aarch64-xilinx-linux-g++   -march=armv8-a+crc -mtune=cortex-a72.cortex-a53 --sysroot=/scratch/dachang/vai1.3/petalinux/sysroots/aarch64-xilinx-linux --sysroot=/scratch/dachang/vai1.3/petalinux/sysroots/aarch64-xilinx-linux   -O2 -pipe -g -feliminate-unused-debug-types    -Wl,-O1 -Wl,--hash-style=gnu -Wl,--as-needed  CMakeFiles/cmTC_27dc9.dir/testCXXCompiler.cxx.o  -o cmTC_27dc9 
gmake[1]: Leaving directory '/scratch/dachang/Vitis-In-Depth-Tutorial/Machine_Learning/Introduction/03-Basic/Module_7/build/CMakeFiles/CMakeTmp'



Detecting CXX compiler ABI info compiled with the following output:
Change Dir: /scratch/dachang/Vitis-In-Depth-Tutorial/Machine_Learning/Introduction/03-Basic/Module_7/build/CMakeFiles/CMakeTmp

Run Build Command(s):/usr/bin/gmake cmTC_140af/fast && /usr/bin/gmake -f CMakeFiles/cmTC_140af.dir/build.make CMakeFiles/cmTC_140af.dir/build
gmake[1]: Entering directory '/scratch/dachang/Vitis-In-Depth-Tutorial/Machine_Learning/Introduction/03-Basic/Module_7/build/CMakeFiles/CMakeTmp'
Building CXX object CMakeFiles/cmTC_140af.dir/CMakeCXXCompilerABI.cpp.o
/scratch/dachang/vai1.3/petalinux/sysroots/x86_64-petalinux-linux/usr/bin/aarch64-xilinx-linux/aarch64-xilinx-linux-g++   -march=armv8-a+crc -mtune=cortex-a72.cortex-a53 --sysroot=/scratch/dachang/vai1.3/petalinux/sysroots/aarch64-xilinx-linux --sysroot=/scratch/dachang/vai1.3/petalinux/sysroots/aarch64-xilinx-linux    -O2 -pipe -g -feliminate-unused-debug-types     -v -o CMakeFiles/cmTC_140af.dir/CMakeCXXCompilerABI.cpp.o -c /scratch/dachang/vai1.3/petalinux/sysroots/x86_64-petalinux-linux/usr/share/cmake-3.15/Modules/CMakeCXXCompilerABI.cpp
Using built-in specs.
COLLECT_GCC=/scratch/dachang/vai1.3/petalinux/sysroots/x86_64-petalinux-linux/usr/bin/aarch64-xilinx-linux/aarch64-xilinx-linux-g++
Target: aarch64-xilinx-linux
Configured with: ../../../../../../work-shared/gcc-9.2.0-r0/gcc-9.2.0/configure --build=x86_64-linux --host=x86_64-petalinux-linux --target=aarch64-xilinx-linux --prefix=/opt/petalinux/2020.2/sysroots/x86_64-petalinux-linux/usr --exec_prefix=/opt/petalinux/2020.2/sysroots/x86_64-petalinux-linux/usr --bindir=/opt/petalinux/2020.2/sysroots/x86_64-petalinux-linux/usr/bin/aarch64-xilinx-linux --sbindir=/opt/petalinux/2020.2/sysroots/x86_64-petalinux-linux/usr/bin/aarch64-xilinx-linux --libexecdir=/opt/petalinux/2020.2/sysroots/x86_64-petalinux-linux/usr/libexec/aarch64-xilinx-linux --datadir=/opt/petalinux/2020.2/sysroots/x86_64-petalinux-linux/usr/share --sysconfdir=/opt/petalinux/2020.2/sysroots/x86_64-petalinux-linux/etc --sharedstatedir=/opt/petalinux/2020.2/sysroots/x86_64-petalinux-linux/com --localstatedir=/opt/petalinux/2020.2/sysroots/x86_64-petalinux-linux/var --libdir=/opt/petalinux/2020.2/sysroots/x86_64-petalinux-linux/usr/lib/aarch64-xilinx-linux --includedir=/opt/petalinux/2020.2/sysroots/x86_64-petalinux-linux/usr/include --oldincludedir=/opt/petalinux/2020.2/sysroots/x86_64-petalinux-linux/usr/include --infodir=/opt/petalinux/2020.2/sysroots/x86_64-petalinux-linux/usr/share/info --mandir=/opt/petalinux/2020.2/sysroots/x86_64-petalinux-linux/usr/share/man --disable-silent-rules --disable-dependency-tracking --with-libtool-sysroot=/tmp/jenkins/xcossw01/workspace/BUILDS/eSDK/2020.2_stable-pipeline-build/VersalFullPrime/build/tmp/work/x86_64-nativesdk-petalinux-linux/gcc-cross-canadian-aarch64/9.2.0-r0/recipe-sysroot --with-gnu-ld --enable-shared --enable-languages=c,c++ --enable-threads=posix --enable-multilib --enable-default-pie --enable-c99 --enable-long-long --enable-symvers=gnu --enable-libstdcxx-pch --program-prefix=aarch64-xilinx-linux- --without-local-prefix --enable-lto --disable-libssp --enable-libitm --disable-bootstrap --disable-libmudflap --with-system-zlib --with-linker-hash-style=gnu --enable-linker-build-id --with-ppl=no --with-cloog=no --enable-checking=release --enable-cheaders=c_global --without-isl --with-gxx-include-dir=/not/exist/usr/include/c++/9.2.0 --with-build-time-tools=/tmp/jenkins/xcossw01/workspace/BUILDS/eSDK/2020.2_stable-pipeline-build/VersalFullPrime/build/tmp/work/x86_64-nativesdk-petalinux-linux/gcc-cross-canadian-aarch64/9.2.0-r0/recipe-sysroot-native/usr/aarch64-xilinx-linux/bin --with-sysroot=/not/exist --with-build-sysroot=/tmp/jenkins/xcossw01/workspace/BUILDS/eSDK/2020.2_stable-pipeline-build/VersalFullPrime/build/tmp/work/x86_64-nativesdk-petalinux-linux/gcc-cross-canadian-aarch64/9.2.0-r0/recipe-sysroot --enable-poison-system-directories --disable-static --enable-nls --with-glibc-version=2.28 --enable-initfini-array --enable-__cxa_atexit
Thread model: posix
gcc version 9.2.0 (GCC) 
COLLECT_GCC_OPTIONS='--sysroot=/scratch/dachang/vai1.3/petalinux/sysroots/aarch64-xilinx-linux' '-march=armv8-a+crc' '-mtune=cortex-a72.cortex-a53' '-O2' '-pipe' '-g' '-feliminate-unused-debug-types' '-v' '-o' 'CMakeFiles/cmTC_140af.dir/CMakeCXXCompilerABI.cpp.o' '-c' '-shared-libgcc' '-mlittle-endian' '-mabi=lp64'
 /scratch/dachang/vai1.3/petalinux/sysroots/x86_64-petalinux-linux/usr/libexec/aarch64-xilinx-linux/gcc/aarch64-xilinx-linux/9.2.0/cc1plus -quiet -v -isysroot /scratch/dachang/vai1.3/petalinux/sysroots/aarch64-xilinx-linux -D_GNU_SOURCE /scratch/dachang/vai1.3/petalinux/sysroots/x86_64-petalinux-linux/usr/share/cmake-3.15/Modules/CMakeCXXCompilerABI.cpp -quiet -dumpbase CMakeCXXCompilerABI.cpp -march=armv8-a+crc -mtune=cortex-a72.cortex-a53 -mlittle-endian -mabi=lp64 -auxbase-strip CMakeFiles/cmTC_140af.dir/CMakeCXXCompilerABI.cpp.o -g -O2 -version -feliminate-unused-debug-types -o - |
 /scratch/dachang/vai1.3/petalinux/sysroots/x86_64-petalinux-linux/usr/libexec/aarch64-xilinx-linux/gcc/aarch64-xilinx-linux/9.2.0/as -v -EL -march=armv8-a+crc -mabi=lp64 -o CMakeFiles/cmTC_140af.dir/CMakeCXXCompilerABI.cpp.o
GNU assembler version 2.32.0 (aarch64-xilinx-linux) using BFD version (GNU Binutils) 2.32.0.20190204
GNU C++14 (GCC) version 9.2.0 (aarch64-xilinx-linux)
	compiled by GNU C version 9.2.0, GMP version 6.1.2, MPFR version 4.0.2, MPC version 1.1.0, isl version none
GGC heuristics: --param ggc-min-expand=100 --param ggc-min-heapsize=131072
ignoring nonexistent directory "/scratch/dachang/vai1.3/petalinux/sysroots/aarch64-xilinx-linux/usr/local/include"
ignoring nonexistent directory "/scratch/dachang/vai1.3/petalinux/sysroots/x86_64-petalinux-linux/usr/lib/aarch64-xilinx-linux/gcc/aarch64-xilinx-linux/9.2.0/../../../../../aarch64-xilinx-linux/include"
#include "..." search starts here:
#include <...> search starts here:
 /scratch/dachang/vai1.3/petalinux/sysroots/aarch64-xilinx-linux/usr/include/c++/9.2.0
 /scratch/dachang/vai1.3/petalinux/sysroots/aarch64-xilinx-linux/usr/include/c++/9.2.0/aarch64-xilinx-linux
 /scratch/dachang/vai1.3/petalinux/sysroots/aarch64-xilinx-linux/usr/include/c++/9.2.0/backward
 /scratch/dachang/vai1.3/petalinux/sysroots/x86_64-petalinux-linux/usr/lib/aarch64-xilinx-linux/gcc/aarch64-xilinx-linux/9.2.0/include
 /scratch/dachang/vai1.3/petalinux/sysroots/aarch64-xilinx-linux/usr/lib/aarch64-xilinx-linux/9.2.0/include
 /scratch/dachang/vai1.3/petalinux/sysroots/x86_64-petalinux-linux/usr/lib/aarch64-xilinx-linux/gcc/aarch64-xilinx-linux/9.2.0/include-fixed
 /scratch/dachang/vai1.3/petalinux/sysroots/aarch64-xilinx-linux/usr/include/
End of search list.
GNU C++14 (GCC) version 9.2.0 (aarch64-xilinx-linux)
	compiled by GNU C version 9.2.0, GMP version 6.1.2, MPFR version 4.0.2, MPC version 1.1.0, isl version none
GGC heuristics: --param ggc-min-expand=100 --param ggc-min-heapsize=131072
Compiler executable checksum: 8cd4348d44dbb306e875c2652b792db8
COMPILER_PATH=/scratch/dachang/vai1.3/petalinux/sysroots/x86_64-petalinux-linux/usr/libexec/aarch64-xilinx-linux/gcc/aarch64-xilinx-linux/9.2.0/:/scratch/dachang/vai1.3/petalinux/sysroots/x86_64-petalinux-linux/usr/libexec/aarch64-xilinx-linux/gcc/aarch64-xilinx-linux/9.2.0/:/scratch/dachang/vai1.3/petalinux/sysroots/x86_64-petalinux-linux/usr/libexec/aarch64-xilinx-linux/gcc/aarch64-xilinx-linux/:/scratch/dachang/vai1.3/petalinux/sysroots/x86_64-petalinux-linux/usr/lib/aarch64-xilinx-linux/gcc/aarch64-xilinx-linux/9.2.0/:/scratch/dachang/vai1.3/petalinux/sysroots/x86_64-petalinux-linux/usr/lib/aarch64-xilinx-linux/gcc/aarch64-xilinx-linux/
LIBRARY_PATH=/scratch/dachang/vai1.3/petalinux/sysroots/x86_64-petalinux-linux/usr/lib/aarch64-xilinx-linux/gcc/aarch64-xilinx-linux/9.2.0/:/scratch/dachang/vai1.3/petalinux/sysroots/aarch64-xilinx-linux/lib/:/scratch/dachang/vai1.3/petalinux/sysroots/aarch64-xilinx-linux/usr/lib/aarch64-xilinx-linux/9.2.0/:/scratch/dachang/vai1.3/petalinux/sysroots/aarch64-xilinx-linux/usr/lib/
COLLECT_GCC_OPTIONS='--sysroot=/scratch/dachang/vai1.3/petalinux/sysroots/aarch64-xilinx-linux' '-march=armv8-a+crc' '-mtune=cortex-a72.cortex-a53' '-O2' '-pipe' '-g' '-feliminate-unused-debug-types' '-v' '-o' 'CMakeFiles/cmTC_140af.dir/CMakeCXXCompilerABI.cpp.o' '-c' '-shared-libgcc' '-mlittle-endian' '-mabi=lp64'
Linking CXX executable cmTC_140af
/scratch/dachang/vai1.3/petalinux/sysroots/x86_64-petalinux-linux/usr/bin/cmake -E cmake_link_script CMakeFiles/cmTC_140af.dir/link.txt --verbose=1
/scratch/dachang/vai1.3/petalinux/sysroots/x86_64-petalinux-linux/usr/bin/aarch64-xilinx-linux/aarch64-xilinx-linux-g++   -march=armv8-a+crc -mtune=cortex-a72.cortex-a53 --sysroot=/scratch/dachang/vai1.3/petalinux/sysroots/aarch64-xilinx-linux --sysroot=/scratch/dachang/vai1.3/petalinux/sysroots/aarch64-xilinx-linux   -O2 -pipe -g -feliminate-unused-debug-types    -Wl,-O1 -Wl,--hash-style=gnu -Wl,--as-needed -v CMakeFiles/cmTC_140af.dir/CMakeCXXCompilerABI.cpp.o  -o cmTC_140af 
Using built-in specs.
COLLECT_GCC=/scratch/dachang/vai1.3/petalinux/sysroots/x86_64-petalinux-linux/usr/bin/aarch64-xilinx-linux/aarch64-xilinx-linux-g++
COLLECT_LTO_WRAPPER=/scratch/dachang/vai1.3/petalinux/sysroots/x86_64-petalinux-linux/usr/libexec/aarch64-xilinx-linux/gcc/aarch64-xilinx-linux/9.2.0/lto-wrapper
Target: aarch64-xilinx-linux
Configured with: ../../../../../../work-shared/gcc-9.2.0-r0/gcc-9.2.0/configure --build=x86_64-linux --host=x86_64-petalinux-linux --target=aarch64-xilinx-linux --prefix=/opt/petalinux/2020.2/sysroots/x86_64-petalinux-linux/usr --exec_prefix=/opt/petalinux/2020.2/sysroots/x86_64-petalinux-linux/usr --bindir=/opt/petalinux/2020.2/sysroots/x86_64-petalinux-linux/usr/bin/aarch64-xilinx-linux --sbindir=/opt/petalinux/2020.2/sysroots/x86_64-petalinux-linux/usr/bin/aarch64-xilinx-linux --libexecdir=/opt/petalinux/2020.2/sysroots/x86_64-petalinux-linux/usr/libexec/aarch64-xilinx-linux --datadir=/opt/petalinux/2020.2/sysroots/x86_64-petalinux-linux/usr/share --sysconfdir=/opt/petalinux/2020.2/sysroots/x86_64-petalinux-linux/etc --sharedstatedir=/opt/petalinux/2020.2/sysroots/x86_64-petalinux-linux/com --localstatedir=/opt/petalinux/2020.2/sysroots/x86_64-petalinux-linux/var --libdir=/opt/petalinux/2020.2/sysroots/x86_64-petalinux-linux/usr/lib/aarch64-xilinx-linux --includedir=/opt/petalinux/2020.2/sysroots/x86_64-petalinux-linux/usr/include --oldincludedir=/opt/petalinux/2020.2/sysroots/x86_64-petalinux-linux/usr/include --infodir=/opt/petalinux/2020.2/sysroots/x86_64-petalinux-linux/usr/share/info --mandir=/opt/petalinux/2020.2/sysroots/x86_64-petalinux-linux/usr/share/man --disable-silent-rules --disable-dependency-tracking --with-libtool-sysroot=/tmp/jenkins/xcossw01/workspace/BUILDS/eSDK/2020.2_stable-pipeline-build/VersalFullPrime/build/tmp/work/x86_64-nativesdk-petalinux-linux/gcc-cross-canadian-aarch64/9.2.0-r0/recipe-sysroot --with-gnu-ld --enable-shared --enable-languages=c,c++ --enable-threads=posix --enable-multilib --enable-default-pie --enable-c99 --enable-long-long --enable-symvers=gnu --enable-libstdcxx-pch --program-prefix=aarch64-xilinx-linux- --without-local-prefix --enable-lto --disable-libssp --enable-libitm --disable-bootstrap --disable-libmudflap --with-system-zlib --with-linker-hash-style=gnu --enable-linker-build-id --with-ppl=no --with-cloog=no --enable-checking=release --enable-cheaders=c_global --without-isl --with-gxx-include-dir=/not/exist/usr/include/c++/9.2.0 --with-build-time-tools=/tmp/jenkins/xcossw01/workspace/BUILDS/eSDK/2020.2_stable-pipeline-build/VersalFullPrime/build/tmp/work/x86_64-nativesdk-petalinux-linux/gcc-cross-canadian-aarch64/9.2.0-r0/recipe-sysroot-native/usr/aarch64-xilinx-linux/bin --with-sysroot=/not/exist --with-build-sysroot=/tmp/jenkins/xcossw01/workspace/BUILDS/eSDK/2020.2_stable-pipeline-build/VersalFullPrime/build/tmp/work/x86_64-nativesdk-petalinux-linux/gcc-cross-canadian-aarch64/9.2.0-r0/recipe-sysroot --enable-poison-system-directories --disable-static --enable-nls --with-glibc-version=2.28 --enable-initfini-array --enable-__cxa_atexit
Thread model: posix
gcc version 9.2.0 (GCC) 
COMPILER_PATH=/scratch/dachang/vai1.3/petalinux/sysroots/x86_64-petalinux-linux/usr/libexec/aarch64-xilinx-linux/gcc/aarch64-xilinx-linux/9.2.0/:/scratch/dachang/vai1.3/petalinux/sysroots/x86_64-petalinux-linux/usr/libexec/aarch64-xilinx-linux/gcc/aarch64-xilinx-linux/9.2.0/:/scratch/dachang/vai1.3/petalinux/sysroots/x86_64-petalinux-linux/usr/libexec/aarch64-xilinx-linux/gcc/aarch64-xilinx-linux/:/scratch/dachang/vai1.3/petalinux/sysroots/x86_64-petalinux-linux/usr/lib/aarch64-xilinx-linux/gcc/aarch64-xilinx-linux/9.2.0/:/scratch/dachang/vai1.3/petalinux/sysroots/x86_64-petalinux-linux/usr/lib/aarch64-xilinx-linux/gcc/aarch64-xilinx-linux/
LIBRARY_PATH=/scratch/dachang/vai1.3/petalinux/sysroots/x86_64-petalinux-linux/usr/lib/aarch64-xilinx-linux/gcc/aarch64-xilinx-linux/9.2.0/:/scratch/dachang/vai1.3/petalinux/sysroots/aarch64-xilinx-linux/lib/:/scratch/dachang/vai1.3/petalinux/sysroots/aarch64-xilinx-linux/usr/lib/aarch64-xilinx-linux/9.2.0/:/scratch/dachang/vai1.3/petalinux/sysroots/aarch64-xilinx-linux/usr/lib/
COLLECT_GCC_OPTIONS='--sysroot=/scratch/dachang/vai1.3/petalinux/sysroots/aarch64-xilinx-linux' '-march=armv8-a+crc' '-mtune=cortex-a72.cortex-a53' '-O2' '-pipe' '-g' '-feliminate-unused-debug-types' '-v' '-o' 'cmTC_140af' '-shared-libgcc' '-mlittle-endian' '-mabi=lp64'
 /scratch/dachang/vai1.3/petalinux/sysroots/x86_64-petalinux-linux/usr/libexec/aarch64-xilinx-linux/gcc/aarch64-xilinx-linux/9.2.0/collect2 -plugin /scratch/dachang/vai1.3/petalinux/sysroots/x86_64-petalinux-linux/usr/libexec/aarch64-xilinx-linux/gcc/aarch64-xilinx-linux/9.2.0/liblto_plugin.so -plugin-opt=/scratch/dachang/vai1.3/petalinux/sysroots/x86_64-petalinux-linux/usr/libexec/aarch64-xilinx-linux/gcc/aarch64-xilinx-linux/9.2.0/lto-wrapper -plugin-opt=-fresolution=/tmp/cccwVEFJ.res -plugin-opt=-pass-through=-lgcc_s -plugin-opt=-pass-through=-lgcc -plugin-opt=-pass-through=-lc -plugin-opt=-pass-through=-lgcc_s -plugin-opt=-pass-through=-lgcc --sysroot=/scratch/dachang/vai1.3/petalinux/sysroots/aarch64-xilinx-linux --build-id --eh-frame-hdr --hash-style=gnu -dynamic-linker /lib/ld-linux-aarch64.so.1 -X -EL -maarch64linux -pie -o cmTC_140af /scratch/dachang/vai1.3/petalinux/sysroots/aarch64-xilinx-linux/usr/lib/Scrt1.o /scratch/dachang/vai1.3/petalinux/sysroots/aarch64-xilinx-linux/usr/lib/crti.o /scratch/dachang/vai1.3/petalinux/sysroots/aarch64-xilinx-linux/usr/lib/aarch64-xilinx-linux/9.2.0/crtbeginS.o -L/scratch/dachang/vai1.3/petalinux/sysroots/x86_64-petalinux-linux/usr/lib/aarch64-xilinx-linux/gcc/aarch64-xilinx-linux/9.2.0 -L/scratch/dachang/vai1.3/petalinux/sysroots/aarch64-xilinx-linux/lib -L/scratch/dachang/vai1.3/petalinux/sysroots/aarch64-xilinx-linux/usr/lib/aarch64-xilinx-linux/9.2.0 -L/scratch/dachang/vai1.3/petalinux/sysroots/aarch64-xilinx-linux/usr/lib -O1 --hash-style=gnu --as-needed CMakeFiles/cmTC_140af.dir/CMakeCXXCompilerABI.cpp.o -lstdc++ -lm -lgcc_s -lgcc -lc -lgcc_s -lgcc /scratch/dachang/vai1.3/petalinux/sysroots/aarch64-xilinx-linux/usr/lib/aarch64-xilinx-linux/9.2.0/crtendS.o /scratch/dachang/vai1.3/petalinux/sysroots/aarch64-xilinx-linux/usr/lib/crtn.o
COLLECT_GCC_OPTIONS='--sysroot=/scratch/dachang/vai1.3/petalinux/sysroots/aarch64-xilinx-linux' '-march=armv8-a+crc' '-mtune=cortex-a72.cortex-a53' '-O2' '-pipe' '-g' '-feliminate-unused-debug-types' '-v' '-o' 'cmTC_140af' '-shared-libgcc' '-mlittle-endian' '-mabi=lp64'
gmake[1]: Leaving directory '/scratch/dachang/Vitis-In-Depth-Tutorial/Machine_Learning/Introduction/03-Basic/Module_7/build/CMakeFiles/CMakeTmp'



Parsed CXX implicit include dir info from above output: rv=done
  found start of include info
  found start of implicit include info
    add: [/scratch/dachang/vai1.3/petalinux/sysroots/aarch64-xilinx-linux/usr/include/c++/9.2.0]
    add: [/scratch/dachang/vai1.3/petalinux/sysroots/aarch64-xilinx-linux/usr/include/c++/9.2.0/aarch64-xilinx-linux]
    add: [/scratch/dachang/vai1.3/petalinux/sysroots/aarch64-xilinx-linux/usr/include/c++/9.2.0/backward]
    add: [/scratch/dachang/vai1.3/petalinux/sysroots/x86_64-petalinux-linux/usr/lib/aarch64-xilinx-linux/gcc/aarch64-xilinx-linux/9.2.0/include]
    add: [/scratch/dachang/vai1.3/petalinux/sysroots/aarch64-xilinx-linux/usr/lib/aarch64-xilinx-linux/9.2.0/include]
    add: [/scratch/dachang/vai1.3/petalinux/sysroots/x86_64-petalinux-linux/usr/lib/aarch64-xilinx-linux/gcc/aarch64-xilinx-linux/9.2.0/include-fixed]
    add: [/scratch/dachang/vai1.3/petalinux/sysroots/aarch64-xilinx-linux/usr/include/]
  end of search list found
  collapse include dir [/scratch/dachang/vai1.3/petalinux/sysroots/aarch64-xilinx-linux/usr/include/c++/9.2.0] ==> [/scratch/dachang/vai1.3/petalinux/sysroots/aarch64-xilinx-linux/usr/include/c++/9.2.0]
  collapse include dir [/scratch/dachang/vai1.3/petalinux/sysroots/aarch64-xilinx-linux/usr/include/c++/9.2.0/aarch64-xilinx-linux] ==> [/scratch/dachang/vai1.3/petalinux/sysroots/aarch64-xilinx-linux/usr/include/c++/9.2.0/aarch64-xilinx-linux]
  collapse include dir [/scratch/dachang/vai1.3/petalinux/sysroots/aarch64-xilinx-linux/usr/include/c++/9.2.0/backward] ==> [/scratch/dachang/vai1.3/petalinux/sysroots/aarch64-xilinx-linux/usr/include/c++/9.2.0/backward]
  collapse include dir [/scratch/dachang/vai1.3/petalinux/sysroots/x86_64-petalinux-linux/usr/lib/aarch64-xilinx-linux/gcc/aarch64-xilinx-linux/9.2.0/include] ==> [/scratch/dachang/vai1.3/petalinux/sysroots/x86_64-petalinux-linux/usr/lib/aarch64-xilinx-linux/gcc/aarch64-xilinx-linux/9.2.0/include]
  collapse include dir [/scratch/dachang/vai1.3/petalinux/sysroots/aarch64-xilinx-linux/usr/lib/aarch64-xilinx-linux/9.2.0/include] ==> [/scratch/dachang/vai1.3/petalinux/sysroots/aarch64-xilinx-linux/usr/lib/aarch64-xilinx-linux/9.2.0/include]
  collapse include dir [/scratch/dachang/vai1.3/petalinux/sysroots/x86_64-petalinux-linux/usr/lib/aarch64-xilinx-linux/gcc/aarch64-xilinx-linux/9.2.0/include-fixed] ==> [/scratch/dachang/vai1.3/petalinux/sysroots/x86_64-petalinux-linux/usr/lib/aarch64-xilinx-linux/gcc/aarch64-xilinx-linux/9.2.0/include-fixed]
  collapse include dir [/scratch/dachang/vai1.3/petalinux/sysroots/aarch64-xilinx-linux/usr/include/] ==> [/scratch/dachang/vai1.3/petalinux/sysroots/aarch64-xilinx-linux/usr/include]
  implicit include dirs: [/scratch/dachang/vai1.3/petalinux/sysroots/aarch64-xilinx-linux/usr/include/c++/9.2.0;/scratch/dachang/vai1.3/petalinux/sysroots/aarch64-xilinx-linux/usr/include/c++/9.2.0/aarch64-xilinx-linux;/scratch/dachang/vai1.3/petalinux/sysroots/aarch64-xilinx-linux/usr/include/c++/9.2.0/backward;/scratch/dachang/vai1.3/petalinux/sysroots/x86_64-petalinux-linux/usr/lib/aarch64-xilinx-linux/gcc/aarch64-xilinx-linux/9.2.0/include;/scratch/dachang/vai1.3/petalinux/sysroots/aarch64-xilinx-linux/usr/lib/aarch64-xilinx-linux/9.2.0/include;/scratch/dachang/vai1.3/petalinux/sysroots/x86_64-petalinux-linux/usr/lib/aarch64-xilinx-linux/gcc/aarch64-xilinx-linux/9.2.0/include-fixed;/scratch/dachang/vai1.3/petalinux/sysroots/aarch64-xilinx-linux/usr/include]


Parsed CXX implicit link information from above output:
  link line regex: [^( *|.*[/\])(aarch64-xilinx-linux-ld|CMAKE_LINK_STARTFILE-NOTFOUND|([^/\]+-)?ld|collect2)[^/\]*( |$)]
  ignore line: [Change Dir: /scratch/dachang/Vitis-In-Depth-Tutorial/Machine_Learning/Introduction/03-Basic/Module_7/build/CMakeFiles/CMakeTmp]
  ignore line: []
  ignore line: [Run Build Command(s):/usr/bin/gmake cmTC_140af/fast && /usr/bin/gmake -f CMakeFiles/cmTC_140af.dir/build.make CMakeFiles/cmTC_140af.dir/build]
  ignore line: [gmake[1]: Entering directory '/scratch/dachang/Vitis-In-Depth-Tutorial/Machine_Learning/Introduction/03-Basic/Module_7/build/CMakeFiles/CMakeTmp']
  ignore line: [Building CXX object CMakeFiles/cmTC_140af.dir/CMakeCXXCompilerABI.cpp.o]
  ignore line: [/scratch/dachang/vai1.3/petalinux/sysroots/x86_64-petalinux-linux/usr/bin/aarch64-xilinx-linux/aarch64-xilinx-linux-g++   -march=armv8-a+crc -mtune=cortex-a72.cortex-a53 --sysroot=/scratch/dachang/vai1.3/petalinux/sysroots/aarch64-xilinx-linux --sysroot=/scratch/dachang/vai1.3/petalinux/sysroots/aarch64-xilinx-linux    -O2 -pipe -g -feliminate-unused-debug-types     -v -o CMakeFiles/cmTC_140af.dir/CMakeCXXCompilerABI.cpp.o -c /scratch/dachang/vai1.3/petalinux/sysroots/x86_64-petalinux-linux/usr/share/cmake-3.15/Modules/CMakeCXXCompilerABI.cpp]
  ignore line: [Using built-in specs.]
  ignore line: [COLLECT_GCC=/scratch/dachang/vai1.3/petalinux/sysroots/x86_64-petalinux-linux/usr/bin/aarch64-xilinx-linux/aarch64-xilinx-linux-g++]
  ignore line: [Target: aarch64-xilinx-linux]
  ignore line: [Configured with: ../../../../../../work-shared/gcc-9.2.0-r0/gcc-9.2.0/configure --build=x86_64-linux --host=x86_64-petalinux-linux --target=aarch64-xilinx-linux --prefix=/opt/petalinux/2020.2/sysroots/x86_64-petalinux-linux/usr --exec_prefix=/opt/petalinux/2020.2/sysroots/x86_64-petalinux-linux/usr --bindir=/opt/petalinux/2020.2/sysroots/x86_64-petalinux-linux/usr/bin/aarch64-xilinx-linux --sbindir=/opt/petalinux/2020.2/sysroots/x86_64-petalinux-linux/usr/bin/aarch64-xilinx-linux --libexecdir=/opt/petalinux/2020.2/sysroots/x86_64-petalinux-linux/usr/libexec/aarch64-xilinx-linux --datadir=/opt/petalinux/2020.2/sysroots/x86_64-petalinux-linux/usr/share --sysconfdir=/opt/petalinux/2020.2/sysroots/x86_64-petalinux-linux/etc --sharedstatedir=/opt/petalinux/2020.2/sysroots/x86_64-petalinux-linux/com --localstatedir=/opt/petalinux/2020.2/sysroots/x86_64-petalinux-linux/var --libdir=/opt/petalinux/2020.2/sysroots/x86_64-petalinux-linux/usr/lib/aarch64-xilinx-linux --includedir=/opt/petalinux/2020.2/sysroots/x86_64-petalinux-linux/usr/include --oldincludedir=/opt/petalinux/2020.2/sysroots/x86_64-petalinux-linux/usr/include --infodir=/opt/petalinux/2020.2/sysroots/x86_64-petalinux-linux/usr/share/info --mandir=/opt/petalinux/2020.2/sysroots/x86_64-petalinux-linux/usr/share/man --disable-silent-rules --disable-dependency-tracking --with-libtool-sysroot=/tmp/jenkins/xcossw01/workspace/BUILDS/eSDK/2020.2_stable-pipeline-build/VersalFullPrime/build/tmp/work/x86_64-nativesdk-petalinux-linux/gcc-cross-canadian-aarch64/9.2.0-r0/recipe-sysroot --with-gnu-ld --enable-shared --enable-languages=c,c++ --enable-threads=posix --enable-multilib --enable-default-pie --enable-c99 --enable-long-long --enable-symvers=gnu --enable-libstdcxx-pch --program-prefix=aarch64-xilinx-linux- --without-local-prefix --enable-lto --disable-libssp --enable-libitm --disable-bootstrap --disable-libmudflap --with-system-zlib --with-linker-hash-style=gnu --enable-linker-build-id --with-ppl=no --with-cloog=no --enable-checking=release --enable-cheaders=c_global --without-isl --with-gxx-include-dir=/not/exist/usr/include/c++/9.2.0 --with-build-time-tools=/tmp/jenkins/xcossw01/workspace/BUILDS/eSDK/2020.2_stable-pipeline-build/VersalFullPrime/build/tmp/work/x86_64-nativesdk-petalinux-linux/gcc-cross-canadian-aarch64/9.2.0-r0/recipe-sysroot-native/usr/aarch64-xilinx-linux/bin --with-sysroot=/not/exist --with-build-sysroot=/tmp/jenkins/xcossw01/workspace/BUILDS/eSDK/2020.2_stable-pipeline-build/VersalFullPrime/build/tmp/work/x86_64-nativesdk-petalinux-linux/gcc-cross-canadian-aarch64/9.2.0-r0/recipe-sysroot --enable-poison-system-directories --disable-static --enable-nls --with-glibc-version=2.28 --enable-initfini-array --enable-__cxa_atexit]
  ignore line: [Thread model: posix]
  ignore line: [gcc version 9.2.0 (GCC) ]
  ignore line: [COLLECT_GCC_OPTIONS='--sysroot=/scratch/dachang/vai1.3/petalinux/sysroots/aarch64-xilinx-linux' '-march=armv8-a+crc' '-mtune=cortex-a72.cortex-a53' '-O2' '-pipe' '-g' '-feliminate-unused-debug-types' '-v' '-o' 'CMakeFiles/cmTC_140af.dir/CMakeCXXCompilerABI.cpp.o' '-c' '-shared-libgcc' '-mlittle-endian' '-mabi=lp64']
  ignore line: [ /scratch/dachang/vai1.3/petalinux/sysroots/x86_64-petalinux-linux/usr/libexec/aarch64-xilinx-linux/gcc/aarch64-xilinx-linux/9.2.0/cc1plus -quiet -v -isysroot /scratch/dachang/vai1.3/petalinux/sysroots/aarch64-xilinx-linux -D_GNU_SOURCE /scratch/dachang/vai1.3/petalinux/sysroots/x86_64-petalinux-linux/usr/share/cmake-3.15/Modules/CMakeCXXCompilerABI.cpp -quiet -dumpbase CMakeCXXCompilerABI.cpp -march=armv8-a+crc -mtune=cortex-a72.cortex-a53 -mlittle-endian -mabi=lp64 -auxbase-strip CMakeFiles/cmTC_140af.dir/CMakeCXXCompilerABI.cpp.o -g -O2 -version -feliminate-unused-debug-types -o - |]
  ignore line: [ /scratch/dachang/vai1.3/petalinux/sysroots/x86_64-petalinux-linux/usr/libexec/aarch64-xilinx-linux/gcc/aarch64-xilinx-linux/9.2.0/as -v -EL -march=armv8-a+crc -mabi=lp64 -o CMakeFiles/cmTC_140af.dir/CMakeCXXCompilerABI.cpp.o]
  ignore line: [GNU assembler version 2.32.0 (aarch64-xilinx-linux) using BFD version (GNU Binutils) 2.32.0.20190204]
  ignore line: [GNU C++14 (GCC) version 9.2.0 (aarch64-xilinx-linux)]
  ignore line: [	compiled by GNU C version 9.2.0, GMP version 6.1.2, MPFR version 4.0.2, MPC version 1.1.0, isl version none]
  ignore line: [GGC heuristics: --param ggc-min-expand=100 --param ggc-min-heapsize=131072]
  ignore line: [ignoring nonexistent directory "/scratch/dachang/vai1.3/petalinux/sysroots/aarch64-xilinx-linux/usr/local/include"]
  ignore line: [ignoring nonexistent directory "/scratch/dachang/vai1.3/petalinux/sysroots/x86_64-petalinux-linux/usr/lib/aarch64-xilinx-linux/gcc/aarch64-xilinx-linux/9.2.0/../../../../../aarch64-xilinx-linux/include"]
  ignore line: [#include "..." search starts here:]
  ignore line: [#include <...> search starts here:]
  ignore line: [ /scratch/dachang/vai1.3/petalinux/sysroots/aarch64-xilinx-linux/usr/include/c++/9.2.0]
  ignore line: [ /scratch/dachang/vai1.3/petalinux/sysroots/aarch64-xilinx-linux/usr/include/c++/9.2.0/aarch64-xilinx-linux]
  ignore line: [ /scratch/dachang/vai1.3/petalinux/sysroots/aarch64-xilinx-linux/usr/include/c++/9.2.0/backward]
  ignore line: [ /scratch/dachang/vai1.3/petalinux/sysroots/x86_64-petalinux-linux/usr/lib/aarch64-xilinx-linux/gcc/aarch64-xilinx-linux/9.2.0/include]
  ignore line: [ /scratch/dachang/vai1.3/petalinux/sysroots/aarch64-xilinx-linux/usr/lib/aarch64-xilinx-linux/9.2.0/include]
  ignore line: [ /scratch/dachang/vai1.3/petalinux/sysroots/x86_64-petalinux-linux/usr/lib/aarch64-xilinx-linux/gcc/aarch64-xilinx-linux/9.2.0/include-fixed]
  ignore line: [ /scratch/dachang/vai1.3/petalinux/sysroots/aarch64-xilinx-linux/usr/include/]
  ignore line: [End of search list.]
  ignore line: [GNU C++14 (GCC) version 9.2.0 (aarch64-xilinx-linux)]
  ignore line: [	compiled by GNU C version 9.2.0, GMP version 6.1.2, MPFR version 4.0.2, MPC version 1.1.0, isl version none]
  ignore line: [GGC heuristics: --param ggc-min-expand=100 --param ggc-min-heapsize=131072]
  ignore line: [Compiler executable checksum: 8cd4348d44dbb306e875c2652b792db8]
  ignore line: [COMPILER_PATH=/scratch/dachang/vai1.3/petalinux/sysroots/x86_64-petalinux-linux/usr/libexec/aarch64-xilinx-linux/gcc/aarch64-xilinx-linux/9.2.0/:/scratch/dachang/vai1.3/petalinux/sysroots/x86_64-petalinux-linux/usr/libexec/aarch64-xilinx-linux/gcc/aarch64-xilinx-linux/9.2.0/:/scratch/dachang/vai1.3/petalinux/sysroots/x86_64-petalinux-linux/usr/libexec/aarch64-xilinx-linux/gcc/aarch64-xilinx-linux/:/scratch/dachang/vai1.3/petalinux/sysroots/x86_64-petalinux-linux/usr/lib/aarch64-xilinx-linux/gcc/aarch64-xilinx-linux/9.2.0/:/scratch/dachang/vai1.3/petalinux/sysroots/x86_64-petalinux-linux/usr/lib/aarch64-xilinx-linux/gcc/aarch64-xilinx-linux/]
  ignore line: [LIBRARY_PATH=/scratch/dachang/vai1.3/petalinux/sysroots/x86_64-petalinux-linux/usr/lib/aarch64-xilinx-linux/gcc/aarch64-xilinx-linux/9.2.0/:/scratch/dachang/vai1.3/petalinux/sysroots/aarch64-xilinx-linux/lib/:/scratch/dachang/vai1.3/petalinux/sysroots/aarch64-xilinx-linux/usr/lib/aarch64-xilinx-linux/9.2.0/:/scratch/dachang/vai1.3/petalinux/sysroots/aarch64-xilinx-linux/usr/lib/]
  ignore line: [COLLECT_GCC_OPTIONS='--sysroot=/scratch/dachang/vai1.3/petalinux/sysroots/aarch64-xilinx-linux' '-march=armv8-a+crc' '-mtune=cortex-a72.cortex-a53' '-O2' '-pipe' '-g' '-feliminate-unused-debug-types' '-v' '-o' 'CMakeFiles/cmTC_140af.dir/CMakeCXXCompilerABI.cpp.o' '-c' '-shared-libgcc' '-mlittle-endian' '-mabi=lp64']
  ignore line: [Linking CXX executable cmTC_140af]
  ignore line: [/scratch/dachang/vai1.3/petalinux/sysroots/x86_64-petalinux-linux/usr/bin/cmake -E cmake_link_script CMakeFiles/cmTC_140af.dir/link.txt --verbose=1]
  ignore line: [/scratch/dachang/vai1.3/petalinux/sysroots/x86_64-petalinux-linux/usr/bin/aarch64-xilinx-linux/aarch64-xilinx-linux-g++   -march=armv8-a+crc -mtune=cortex-a72.cortex-a53 --sysroot=/scratch/dachang/vai1.3/petalinux/sysroots/aarch64-xilinx-linux --sysroot=/scratch/dachang/vai1.3/petalinux/sysroots/aarch64-xilinx-linux   -O2 -pipe -g -feliminate-unused-debug-types    -Wl,-O1 -Wl,--hash-style=gnu -Wl,--as-needed -v CMakeFiles/cmTC_140af.dir/CMakeCXXCompilerABI.cpp.o  -o cmTC_140af ]
  ignore line: [Using built-in specs.]
  ignore line: [COLLECT_GCC=/scratch/dachang/vai1.3/petalinux/sysroots/x86_64-petalinux-linux/usr/bin/aarch64-xilinx-linux/aarch64-xilinx-linux-g++]
  ignore line: [COLLECT_LTO_WRAPPER=/scratch/dachang/vai1.3/petalinux/sysroots/x86_64-petalinux-linux/usr/libexec/aarch64-xilinx-linux/gcc/aarch64-xilinx-linux/9.2.0/lto-wrapper]
  ignore line: [Target: aarch64-xilinx-linux]
  ignore line: [Configured with: ../../../../../../work-shared/gcc-9.2.0-r0/gcc-9.2.0/configure --build=x86_64-linux --host=x86_64-petalinux-linux --target=aarch64-xilinx-linux --prefix=/opt/petalinux/2020.2/sysroots/x86_64-petalinux-linux/usr --exec_prefix=/opt/petalinux/2020.2/sysroots/x86_64-petalinux-linux/usr --bindir=/opt/petalinux/2020.2/sysroots/x86_64-petalinux-linux/usr/bin/aarch64-xilinx-linux --sbindir=/opt/petalinux/2020.2/sysroots/x86_64-petalinux-linux/usr/bin/aarch64-xilinx-linux --libexecdir=/opt/petalinux/2020.2/sysroots/x86_64-petalinux-linux/usr/libexec/aarch64-xilinx-linux --datadir=/opt/petalinux/2020.2/sysroots/x86_64-petalinux-linux/usr/share --sysconfdir=/opt/petalinux/2020.2/sysroots/x86_64-petalinux-linux/etc --sharedstatedir=/opt/petalinux/2020.2/sysroots/x86_64-petalinux-linux/com --localstatedir=/opt/petalinux/2020.2/sysroots/x86_64-petalinux-linux/var --libdir=/opt/petalinux/2020.2/sysroots/x86_64-petalinux-linux/usr/lib/aarch64-xilinx-linux --includedir=/opt/petalinux/2020.2/sysroots/x86_64-petalinux-linux/usr/include --oldincludedir=/opt/petalinux/2020.2/sysroots/x86_64-petalinux-linux/usr/include --infodir=/opt/petalinux/2020.2/sysroots/x86_64-petalinux-linux/usr/share/info --mandir=/opt/petalinux/2020.2/sysroots/x86_64-petalinux-linux/usr/share/man --disable-silent-rules --disable-dependency-tracking --with-libtool-sysroot=/tmp/jenkins/xcossw01/workspace/BUILDS/eSDK/2020.2_stable-pipeline-build/VersalFullPrime/build/tmp/work/x86_64-nativesdk-petalinux-linux/gcc-cross-canadian-aarch64/9.2.0-r0/recipe-sysroot --with-gnu-ld --enable-shared --enable-languages=c,c++ --enable-threads=posix --enable-multilib --enable-default-pie --enable-c99 --enable-long-long --enable-symvers=gnu --enable-libstdcxx-pch --program-prefix=aarch64-xilinx-linux- --without-local-prefix --enable-lto --disable-libssp --enable-libitm --disable-bootstrap --disable-libmudflap --with-system-zlib --with-linker-hash-style=gnu --enable-linker-build-id --with-ppl=no --with-cloog=no --enable-checking=release --enable-cheaders=c_global --without-isl --with-gxx-include-dir=/not/exist/usr/include/c++/9.2.0 --with-build-time-tools=/tmp/jenkins/xcossw01/workspace/BUILDS/eSDK/2020.2_stable-pipeline-build/VersalFullPrime/build/tmp/work/x86_64-nativesdk-petalinux-linux/gcc-cross-canadian-aarch64/9.2.0-r0/recipe-sysroot-native/usr/aarch64-xilinx-linux/bin --with-sysroot=/not/exist --with-build-sysroot=/tmp/jenkins/xcossw01/workspace/BUILDS/eSDK/2020.2_stable-pipeline-build/VersalFullPrime/build/tmp/work/x86_64-nativesdk-petalinux-linux/gcc-cross-canadian-aarch64/9.2.0-r0/recipe-sysroot --enable-poison-system-directories --disable-static --enable-nls --with-glibc-version=2.28 --enable-initfini-array --enable-__cxa_atexit]
  ignore line: [Thread model: posix]
  ignore line: [gcc version 9.2.0 (GCC) ]
  ignore line: [COMPILER_PATH=/scratch/dachang/vai1.3/petalinux/sysroots/x86_64-petalinux-linux/usr/libexec/aarch64-xilinx-linux/gcc/aarch64-xilinx-linux/9.2.0/:/scratch/dachang/vai1.3/petalinux/sysroots/x86_64-petalinux-linux/usr/libexec/aarch64-xilinx-linux/gcc/aarch64-xilinx-linux/9.2.0/:/scratch/dachang/vai1.3/petalinux/sysroots/x86_64-petalinux-linux/usr/libexec/aarch64-xilinx-linux/gcc/aarch64-xilinx-linux/:/scratch/dachang/vai1.3/petalinux/sysroots/x86_64-petalinux-linux/usr/lib/aarch64-xilinx-linux/gcc/aarch64-xilinx-linux/9.2.0/:/scratch/dachang/vai1.3/petalinux/sysroots/x86_64-petalinux-linux/usr/lib/aarch64-xilinx-linux/gcc/aarch64-xilinx-linux/]
  ignore line: [LIBRARY_PATH=/scratch/dachang/vai1.3/petalinux/sysroots/x86_64-petalinux-linux/usr/lib/aarch64-xilinx-linux/gcc/aarch64-xilinx-linux/9.2.0/:/scratch/dachang/vai1.3/petalinux/sysroots/aarch64-xilinx-linux/lib/:/scratch/dachang/vai1.3/petalinux/sysroots/aarch64-xilinx-linux/usr/lib/aarch64-xilinx-linux/9.2.0/:/scratch/dachang/vai1.3/petalinux/sysroots/aarch64-xilinx-linux/usr/lib/]
  ignore line: [COLLECT_GCC_OPTIONS='--sysroot=/scratch/dachang/vai1.3/petalinux/sysroots/aarch64-xilinx-linux' '-march=armv8-a+crc' '-mtune=cortex-a72.cortex-a53' '-O2' '-pipe' '-g' '-feliminate-unused-debug-types' '-v' '-o' 'cmTC_140af' '-shared-libgcc' '-mlittle-endian' '-mabi=lp64']
  link line: [ /scratch/dachang/vai1.3/petalinux/sysroots/x86_64-petalinux-linux/usr/libexec/aarch64-xilinx-linux/gcc/aarch64-xilinx-linux/9.2.0/collect2 -plugin /scratch/dachang/vai1.3/petalinux/sysroots/x86_64-petalinux-linux/usr/libexec/aarch64-xilinx-linux/gcc/aarch64-xilinx-linux/9.2.0/liblto_plugin.so -plugin-opt=/scratch/dachang/vai1.3/petalinux/sysroots/x86_64-petalinux-linux/usr/libexec/aarch64-xilinx-linux/gcc/aarch64-xilinx-linux/9.2.0/lto-wrapper -plugin-opt=-fresolution=/tmp/cccwVEFJ.res -plugin-opt=-pass-through=-lgcc_s -plugin-opt=-pass-through=-lgcc -plugin-opt=-pass-through=-lc -plugin-opt=-pass-through=-lgcc_s -plugin-opt=-pass-through=-lgcc --sysroot=/scratch/dachang/vai1.3/petalinux/sysroots/aarch64-xilinx-linux --build-id --eh-frame-hdr --hash-style=gnu -dynamic-linker /lib/ld-linux-aarch64.so.1 -X -EL -maarch64linux -pie -o cmTC_140af /scratch/dachang/vai1.3/petalinux/sysroots/aarch64-xilinx-linux/usr/lib/Scrt1.o /scratch/dachang/vai1.3/petalinux/sysroots/aarch64-xilinx-linux/usr/lib/crti.o /scratch/dachang/vai1.3/petalinux/sysroots/aarch64-xilinx-linux/usr/lib/aarch64-xilinx-linux/9.2.0/crtbeginS.o -L/scratch/dachang/vai1.3/petalinux/sysroots/x86_64-petalinux-linux/usr/lib/aarch64-xilinx-linux/gcc/aarch64-xilinx-linux/9.2.0 -L/scratch/dachang/vai1.3/petalinux/sysroots/aarch64-xilinx-linux/lib -L/scratch/dachang/vai1.3/petalinux/sysroots/aarch64-xilinx-linux/usr/lib/aarch64-xilinx-linux/9.2.0 -L/scratch/dachang/vai1.3/petalinux/sysroots/aarch64-xilinx-linux/usr/lib -O1 --hash-style=gnu --as-needed CMakeFiles/cmTC_140af.dir/CMakeCXXCompilerABI.cpp.o -lstdc++ -lm -lgcc_s -lgcc -lc -lgcc_s -lgcc /scratch/dachang/vai1.3/petalinux/sysroots/aarch64-xilinx-linux/usr/lib/aarch64-xilinx-linux/9.2.0/crtendS.o /scratch/dachang/vai1.3/petalinux/sysroots/aarch64-xilinx-linux/usr/lib/crtn.o]
    arg [/scratch/dachang/vai1.3/petalinux/sysroots/x86_64-petalinux-linux/usr/libexec/aarch64-xilinx-linux/gcc/aarch64-xilinx-linux/9.2.0/collect2] ==> ignore
    arg [-plugin] ==> ignore
    arg [/scratch/dachang/vai1.3/petalinux/sysroots/x86_64-petalinux-linux/usr/libexec/aarch64-xilinx-linux/gcc/aarch64-xilinx-linux/9.2.0/liblto_plugin.so] ==> ignore
    arg [-plugin-opt=/scratch/dachang/vai1.3/petalinux/sysroots/x86_64-petalinux-linux/usr/libexec/aarch64-xilinx-linux/gcc/aarch64-xilinx-linux/9.2.0/lto-wrapper] ==> ignore
    arg [-plugin-opt=-fresolution=/tmp/cccwVEFJ.res] ==> ignore
    arg [-plugin-opt=-pass-through=-lgcc_s] ==> ignore
    arg [-plugin-opt=-pass-through=-lgcc] ==> ignore
    arg [-plugin-opt=-pass-through=-lc] ==> ignore
    arg [-plugin-opt=-pass-through=-lgcc_s] ==> ignore
    arg [-plugin-opt=-pass-through=-lgcc] ==> ignore
    arg [--sysroot=/scratch/dachang/vai1.3/petalinux/sysroots/aarch64-xilinx-linux] ==> ignore
    arg [--build-id] ==> ignore
    arg [--eh-frame-hdr] ==> ignore
    arg [--hash-style=gnu] ==> ignore
    arg [-dynamic-linker] ==> ignore
    arg [/lib/ld-linux-aarch64.so.1] ==> ignore
    arg [-X] ==> ignore
    arg [-EL] ==> ignore
    arg [-maarch64linux] ==> ignore
    arg [-pie] ==> ignore
    arg [-o] ==> ignore
    arg [cmTC_140af] ==> ignore
    arg [/scratch/dachang/vai1.3/petalinux/sysroots/aarch64-xilinx-linux/usr/lib/Scrt1.o] ==> ignore
    arg [/scratch/dachang/vai1.3/petalinux/sysroots/aarch64-xilinx-linux/usr/lib/crti.o] ==> ignore
    arg [/scratch/dachang/vai1.3/petalinux/sysroots/aarch64-xilinx-linux/usr/lib/aarch64-xilinx-linux/9.2.0/crtbeginS.o] ==> ignore
    arg [-L/scratch/dachang/vai1.3/petalinux/sysroots/x86_64-petalinux-linux/usr/lib/aarch64-xilinx-linux/gcc/aarch64-xilinx-linux/9.2.0] ==> dir [/scratch/dachang/vai1.3/petalinux/sysroots/x86_64-petalinux-linux/usr/lib/aarch64-xilinx-linux/gcc/aarch64-xilinx-linux/9.2.0]
    arg [-L/scratch/dachang/vai1.3/petalinux/sysroots/aarch64-xilinx-linux/lib] ==> dir [/scratch/dachang/vai1.3/petalinux/sysroots/aarch64-xilinx-linux/lib]
    arg [-L/scratch/dachang/vai1.3/petalinux/sysroots/aarch64-xilinx-linux/usr/lib/aarch64-xilinx-linux/9.2.0] ==> dir [/scratch/dachang/vai1.3/petalinux/sysroots/aarch64-xilinx-linux/usr/lib/aarch64-xilinx-linux/9.2.0]
    arg [-L/scratch/dachang/vai1.3/petalinux/sysroots/aarch64-xilinx-linux/usr/lib] ==> dir [/scratch/dachang/vai1.3/petalinux/sysroots/aarch64-xilinx-linux/usr/lib]
    arg [-O1] ==> ignore
    arg [--hash-style=gnu] ==> ignore
    arg [--as-needed] ==> ignore
    arg [CMakeFiles/cmTC_140af.dir/CMakeCXXCompilerABI.cpp.o] ==> ignore
    arg [-lstdc++] ==> lib [stdc++]
    arg [-lm] ==> lib [m]
    arg [-lgcc_s] ==> lib [gcc_s]
    arg [-lgcc] ==> lib [gcc]
    arg [-lc] ==> lib [c]
    arg [-lgcc_s] ==> lib [gcc_s]
    arg [-lgcc] ==> lib [gcc]
    arg [/scratch/dachang/vai1.3/petalinux/sysroots/aarch64-xilinx-linux/usr/lib/aarch64-xilinx-linux/9.2.0/crtendS.o] ==> ignore
    arg [/scratch/dachang/vai1.3/petalinux/sysroots/aarch64-xilinx-linux/usr/lib/crtn.o] ==> ignore
  collapse library dir [/scratch/dachang/vai1.3/petalinux/sysroots/x86_64-petalinux-linux/usr/lib/aarch64-xilinx-linux/gcc/aarch64-xilinx-linux/9.2.0] ==> [/scratch/dachang/vai1.3/petalinux/sysroots/x86_64-petalinux-linux/usr/lib/aarch64-xilinx-linux/gcc/aarch64-xilinx-linux/9.2.0]
  collapse library dir [/scratch/dachang/vai1.3/petalinux/sysroots/aarch64-xilinx-linux/lib] ==> [/scratch/dachang/vai1.3/petalinux/sysroots/aarch64-xilinx-linux/lib]
  collapse library dir [/scratch/dachang/vai1.3/petalinux/sysroots/aarch64-xilinx-linux/usr/lib/aarch64-xilinx-linux/9.2.0] ==> [/scratch/dachang/vai1.3/petalinux/sysroots/aarch64-xilinx-linux/usr/lib/aarch64-xilinx-linux/9.2.0]
  collapse library dir [/scratch/dachang/vai1.3/petalinux/sysroots/aarch64-xilinx-linux/usr/lib] ==> [/scratch/dachang/vai1.3/petalinux/sysroots/aarch64-xilinx-linux/usr/lib]
  implicit libs: [stdc++;m;gcc_s;gcc;c;gcc_s;gcc]
  implicit dirs: [/scratch/dachang/vai1.3/petalinux/sysroots/x86_64-petalinux-linux/usr/lib/aarch64-xilinx-linux/gcc/aarch64-xilinx-linux/9.2.0;/scratch/dachang/vai1.3/petalinux/sysroots/aarch64-xilinx-linux/lib;/scratch/dachang/vai1.3/petalinux/sysroots/aarch64-xilinx-linux/usr/lib/aarch64-xilinx-linux/9.2.0;/scratch/dachang/vai1.3/petalinux/sysroots/aarch64-xilinx-linux/usr/lib]
  implicit fwks: []


